<?xml version="1.0" encoding="UTF-8"?>
<testsuite xmlns:xsi="http://www.w3.org/2001/XMLSchema-instance" xsi:noNamespaceSchemaLocation="https://maven.apache.org/surefire/maven-surefire-plugin/xsd/surefire-test-report.xsd" version="3.0.2" name="UseCaseTests.NavigateGUITest" time="3.356" tests="0" errors="0" skipped="0" failures="0">
  <properties>
[...]
</properties>
  <testcase name="exception_editCommandDisabledWithoutSelection" classname="UC-3 Exception E1 — disabled button blocks navigation" time="0.733">
    <system-err><![CDATA[SLF4J(W): No SLF4J providers were found.
SLF4J(W): Defaulting to no-operation (NOP) logger implementation
SLF4J(W): See https://www.slf4j.org/codes.html#noProviders for further details.
SLF4J(W): Class path contains SLF4J bindings targeting slf4j-api versions 1.7.x or earlier.
SLF4J(W): Ignoring binding found at [jar:file:/C:/Users/rokom/.m2/repository/com/guicedee/services/slf4j/1.2.2.1/slf4j-1.2.2.1.jar!/org/slf4j/impl/StaticLoggerBinder.class]
SLF4J(W): See https://www.slf4j.org/codes.html#ignoredBindings for an explanation.
]]></system-err>
  </testcase>
  <testcase name="exception_scriptBehaviourDisabledUntilConfigOk" classname="UC-3 Exception E1 — disabled button blocks navigation" time="0.161"/>
  <testcase name="exception_removeCommandDisabledWhenScriptEmpty" classname="UC-3 Exception E1 — disabled button blocks navigation" time="0.167"/>
  <testcase name="exception_responsesComboDisabledBeforeCrawl" classname="UC-3 Exception E1 — disabled button blocks navigation" time="0.13"/>
  <testcase name="exception_disabledButtonClickDoesNotNavigate" classname="UC-3 Exception E1 — disabled button blocks navigation" time="0.251"/>
  <testcase name="alternateFlow_simpleIrelandCrawlerIsNonNavigationalButton" classname="UC-3 Alternate Flow A1 — popup / non-navigational screens" time="0.227">
    <system-out><![CDATA[Rendering menu bar
]]></system-out>
  </testcase>
  <testcase name="alternateFlow_sqlSettingsShownWhenCredentialsRequired" classname="UC-3 Alternate Flow A1 — popup / non-navigational screens" time="0.169">
    <system-out><![CDATA[Rendering menu bar
]]></system-out>
  </testcase>
  <testcase name="alternateFlow_aboutPopupDoesNotChangeCard" classname="UC-3 Alternate Flow A1 — popup / non-navigational screens" time="0.31">
    <system-out><![CDATA[Rendering menu bar
Selected Crawler: UC2-Seed
Last selected crawler: null
Crawler State: PENDING
Invoking...
]]></system-out>
  </testcase>
  <testcase name="alternateFlow_userManualPopupDoesNotChangeCard" classname="UC-3 Alternate Flow A1 — popup / non-navigational screens" time="0.231">
    <system-out><![CDATA[Rendering menu bar
Selected Crawler: UC2-Seed
Last selected crawler: null
Crawler State: PENDING
Invoking...
]]></system-out>
  </testcase>
  <testcase name="normalFlow_appDisplaysLandingPage" classname="UC-3 Normal Flow — navigate the GUI" time="0.14"/>
  <testcase name="normalFlow_clickNavigationButtonSwitchesPanel" classname="UC-3 Normal Flow — navigate the GUI" time="0.125">
    <system-out><![CDATA[Rendering menu bar
]]></system-out>
  </testcase>
  <testcase name="normalFlow_clickMouseOnTransitionButton" classname="UC-3 Normal Flow — navigate the GUI" time="0.189">
    <system-out><![CDATA[Rendering menu bar
Selected Crawler: UC2-Seed
Last selected crawler: null
Crawler State: PENDING
Invoking...
]]></system-out>
  </testcase>
  <testcase name="normalFlow_multiStepPanelTransitions" classname="UC-3 Normal Flow — navigate the GUI" time="0.155">
    <system-out><![CDATA[Rendering menu bar
Rendering menu bar
Rendering menu bar
]]></system-out>
  </testcase>
  <testcase name="normalFlow_moveMouseHoverEffect" classname="UC-3 Normal Flow — navigate the GUI" time="0.131">
    <system-out><![CDATA[Rendering menu bar
]]></system-out>
  </testcase>
  <testcase name="normalFlow_exitApplicationExtension" classname="UC-3 Normal Flow — navigate the GUI" time="0.133"/>
</testsuite>