<?xml version="1.0" encoding="UTF-8"?>
<testsuite xmlns:xsi="http://www.w3.org/2001/XMLSchema-instance" xsi:noNamespaceSchemaLocation="https://maven.apache.org/surefire/maven-surefire-plugin/xsd/surefire-test-report-3.0.xsd" version="3.0" name="SentimentAnalysisTest" time="2.174" tests="1" errors="0" skipped="0" failures="0">
  <properties>
[...]
</properties>
  <testcase name="predict" classname="SentimentAnalysisTest" time="2.119">
    <system-out><![CDATA[Loading:     100% |========================================|
Input: The final report by the Commission of Investigation into how abuse allegations against basketball coach Bill Kenneally were handled is due to be published today.

The convicted paedophile is currently serving almost 19 years in prison for the serious sexual abuse of 15 young boys between 1979 and 1990, following two previous criminal prosecutions.
[
	{"className": "Negative", "probability": 0.97759},
	{"className": "Positive", "probability": 0.02240}
]

0.02240854687988758
0.9775914549827576
]]></system-out>
    <system-err><![CDATA[SLF4J(W): No SLF4J providers were found.
SLF4J(W): Defaulting to no-operation (NOP) logger implementation
SLF4J(W): See https://www.slf4j.org/codes.html#noProviders for further details.
SLF4J(W): Class path contains SLF4J bindings targeting slf4j-api versions 1.7.x or earlier.
SLF4J(W): Ignoring binding found at [jar:file:/C:/Users/rokom/.m2/repository/com/guicedee/services/slf4j/1.2.2.1/slf4j-1.2.2.1.jar!/org/slf4j/impl/StaticLoggerBinder.class]
SLF4J(W): See https://www.slf4j.org/codes.html#ignoredBindings for an explanation.
]]></system-err>
  </testcase>
</testsuite>