<?xml version="1.0" encoding="UTF-8"?>
<testsuite xmlns:xsi="http://www.w3.org/2001/XMLSchema-instance" xsi:noNamespaceSchemaLocation="https://maven.apache.org/surefire/maven-surefire-plugin/xsd/surefire-test-report-3.0.xsd" version="3.0" name="SQLUpdateTest" time="1.211" tests="2" errors="0" skipped="0" failures="0">
  <properties>
[...]
</properties>
  <testcase name="testStatement" classname="SQLUpdateTest" time="0.835">
    <system-out><![CDATA[java.sql.SQLException: No suitable driver found for Column size: jdbc:mysql://localhost:3306/sakila?sslmode=require
Size of value to insert: 502
The current database is: sakila
Fetching...
Fetching...
Fetching...
Fetching...
Fetching...
adbexercises
customers
Fetching...
Fetching...
Fetching...
Fetching...
adbexercises
orders
Fetching...
Fetching...
Fetching...
Fetching...
Fetching...
adbexercises
product
Fetching...
Fetching...
Fetching...
banks
accounts
Fetching...
Fetching...
Fetching...
Fetching...
banks
transactions
Fetching...
Fetching...
Fetching...
banks
users
Fetching...
Fetching...
Fetching...
Fetching...
Fetching...
Fetching...
Fetching...
Fetching...
farmequipmentdb
inventory
Fetching...
Fetching...
Fetching...
Fetching...
Fetching...
Fetching...
farmequipmentdb
storage_location
Fetching...
Fetching...
Fetching...
Fetching...
Fetching...
Fetching...
farmequipmentdb
storage_monitoring
Fetching...
Fetching...
Fetching...
Fetching...
Fetching...
Fetching...
Fetching...
farmequipmentdb
stored_equipment
Fetching...
Fetching...
Fetching...
Fetching...
Fetching...
Fetching...
farmequipmentdb
tasks
Fetching...
Fetching...
Fetching...
Fetching...
Fetching...
Fetching...
farmequipmentdb
ticket
Fetching...
Fetching...
Fetching...
giftdb
gifts_table
Fetching...
Fetching...
Fetching...
Fetching...
sakila
actor
Fetching...
Fetching...
Fetching...
Fetching...
Fetching...
Fetching...
Fetching...
Fetching...
Fetching...
sakila
address
Fetching...
Fetching...
Fetching...
sakila
category
Fetching...
Fetching...
Fetching...
Fetching...
sakila
city
Fetching...
Fetching...
Fetching...
sakila
country
Fetching...
Fetching...
Fetching...
Fetching...
Fetching...
Fetching...
Fetching...
Fetching...
Fetching...
sakila
customer
Fetching...
Fetching...
Fetching...
Fetching...
Fetching...
Fetching...
Fetching...
Fetching...
Fetching...
Fetching...
Fetching...
Fetching...
Fetching...
sakila
film
Fetching...
Fetching...
Fetching...
sakila
film_actor
Fetching...
Fetching...
Fetching...
sakila
film_category
Fetching...
Fetching...
Fetching...
sakila
film_text
Fetching...
Fetching...
Fetching...
Fetching...
sakila
inventory
Fetching...
Fetching...
Fetching...
sakila
language
Fetching...
Fetching...
Fetching...
Fetching...
Fetching...
Fetching...
Fetching...
sakila
payment
Fetching...
Fetching...
Fetching...
Fetching...
Fetching...
Fetching...
Fetching...
sakila
rental
Fetching...
Fetching...
Fetching...
Fetching...
Fetching...
Fetching...
Fetching...
Fetching...
Fetching...
Fetching...
Fetching...
sakila
staff
Fetching...
Fetching...
Fetching...
Fetching...
sakila
store
Fetching...
Fetching...
sakila
testtable
Fetching...
Fetching...
transtest
concurrency_test
Fetching...
Fetching...
Fetching...
Fetching...
video_store
customer
Fetching...
Fetching...
Fetching...
Fetching...
Fetching...
video_store
movie
Fetching...
Fetching...
Fetching...
Fetching...
Fetching...
Fetching...
video_store
rental
Fetching...
Fetching...
Fetching...
Fetching...
Fetching...
world
city
Fetching...
Fetching...
Fetching...
Fetching...
Fetching...
Fetching...
Fetching...
Fetching...
Fetching...
Fetching...
Fetching...
Fetching...
Fetching...
Fetching...
Fetching...
world
country
Fetching...
Fetching...
Fetching...
Fetching...
world
countrylanguage
Database Name: adbexercises
Table Name: com.security.academicinternshipproject.SQLTableInfo@63dd899
Table Name: com.security.academicinternshipproject.SQLTableInfo@59d2400d
Table Name: com.security.academicinternshipproject.SQLTableInfo@75cd8043
Database Name: adbexercises
Table Name: customers
Column Name: CustomerID
Data Type: 4
Type Name: INT
Column Size: 10
Remarks: 
Column Definition: null
Ordinal Position: 1
Is Autoincrement: YES
Is Generated Column: NO
Column Name: Forename
Data Type: 12
Type Name: VARCHAR
Column Size: 255
Remarks: 
Column Definition: null
Ordinal Position: 2
Is Autoincrement: NO
Is Generated Column: NO
Column Name: Surname
Data Type: 12
Type Name: VARCHAR
Column Size: 255
Remarks: 
Column Definition: null
Ordinal Position: 3
Is Autoincrement: NO
Is Generated Column: NO
Column Name: Country
Data Type: 12
Type Name: VARCHAR
Column Size: 255
Remarks: 
Column Definition: null
Ordinal Position: 4
Is Autoincrement: NO
Is Generated Column: NO
Column Name: Birthdate
Data Type: 91
Type Name: DATE
Column Size: 10
Remarks: 
Column Definition: null
Ordinal Position: 5
Is Autoincrement: NO
Is Generated Column: NO
Number of columns: 5
Executing
Column Name: CustomerID
Data Type: 4
Type Name: INT
Column Size: 10
Remarks: 
Column Definition: null
Ordinal Position: 1
Is Autoincrement: YES
Is Generated Column: NO
Executing
Column Name: Forename
Data Type: 12
Type Name: VARCHAR
Column Size: 255
Remarks: 
Column Definition: null
Ordinal Position: 2
Is Autoincrement: NO
Is Generated Column: NO
Executing
Column Name: Surname
Data Type: 12
Type Name: VARCHAR
Column Size: 255
Remarks: 
Column Definition: null
Ordinal Position: 3
Is Autoincrement: NO
Is Generated Column: NO
Executing
Column Name: Country
Data Type: 12
Type Name: VARCHAR
Column Size: 255
Remarks: 
Column Definition: null
Ordinal Position: 4
Is Autoincrement: NO
Is Generated Column: NO
Executing
Column Name: Birthdate
Data Type: 91
Type Name: DATE
Column Size: 10
Remarks: 
Column Definition: null
Ordinal Position: 5
Is Autoincrement: NO
Is Generated Column: NO
Database Name: adbexercises
Table Name: orders
Column Name: OrderID
Data Type: 4
Type Name: INT
Column Size: 10
Remarks: 
Column Definition: null
Ordinal Position: 1
Is Autoincrement: YES
Is Generated Column: NO
Column Name: CustomerID
Data Type: 4
Type Name: INT
Column Size: 10
Remarks: 
Column Definition: null
Ordinal Position: 2
Is Autoincrement: NO
Is Generated Column: NO
Column Name: ProductID
Data Type: 4
Type Name: INT
Column Size: 10
Remarks: 
Column Definition: null
Ordinal Position: 3
Is Autoincrement: NO
Is Generated Column: NO
Column Name: Quantity
Data Type: 4
Type Name: INT
Column Size: 10
Remarks: 
Column Definition: null
Ordinal Position: 4
Is Autoincrement: NO
Is Generated Column: NO
Number of columns: 4
Executing
Column Name: OrderID
Data Type: 4
Type Name: INT
Column Size: 10
Remarks: 
Column Definition: null
Ordinal Position: 1
Is Autoincrement: YES
Is Generated Column: NO
Executing
Column Name: CustomerID
Data Type: 4
Type Name: INT
Column Size: 10
Remarks: 
Column Definition: null
Ordinal Position: 2
Is Autoincrement: NO
Is Generated Column: NO
Executing
Column Name: ProductID
Data Type: 4
Type Name: INT
Column Size: 10
Remarks: 
Column Definition: null
Ordinal Position: 3
Is Autoincrement: NO
Is Generated Column: NO
Executing
Column Name: Quantity
Data Type: 4
Type Name: INT
Column Size: 10
Remarks: 
Column Definition: null
Ordinal Position: 4
Is Autoincrement: NO
Is Generated Column: NO
Database Name: adbexercises
Table Name: product
Column Name: ProductID
Data Type: 4
Type Name: INT
Column Size: 10
Remarks: 
Column Definition: null
Ordinal Position: 1
Is Autoincrement: YES
Is Generated Column: NO
Column Name: Weight
Data Type: 4
Type Name: INT
Column Size: 10
Remarks: 
Column Definition: null
Ordinal Position: 2
Is Autoincrement: NO
Is Generated Column: NO
Column Name: Size
Data Type: 4
Type Name: INT
Column Size: 10
Remarks: 
Column Definition: null
Ordinal Position: 3
Is Autoincrement: NO
Is Generated Column: NO
Column Name: Type
Data Type: 12
Type Name: VARCHAR
Column Size: 255
Remarks: 
Column Definition: null
Ordinal Position: 4
Is Autoincrement: NO
Is Generated Column: NO
Column Name: Price
Data Type: 4
Type Name: INT
Column Size: 10
Remarks: 
Column Definition: null
Ordinal Position: 5
Is Autoincrement: NO
Is Generated Column: NO
Number of columns: 5
Executing
Column Name: ProductID
Data Type: 4
Type Name: INT
Column Size: 10
Remarks: 
Column Definition: null
Ordinal Position: 1
Is Autoincrement: YES
Is Generated Column: NO
Executing
Column Name: Weight
Data Type: 4
Type Name: INT
Column Size: 10
Remarks: 
Column Definition: null
Ordinal Position: 2
Is Autoincrement: NO
Is Generated Column: NO
Executing
Column Name: Size
Data Type: 4
Type Name: INT
Column Size: 10
Remarks: 
Column Definition: null
Ordinal Position: 3
Is Autoincrement: NO
Is Generated Column: NO
Executing
Column Name: Type
Data Type: 12
Type Name: VARCHAR
Column Size: 255
Remarks: 
Column Definition: null
Ordinal Position: 4
Is Autoincrement: NO
Is Generated Column: NO
Executing
Column Name: Price
Data Type: 4
Type Name: INT
Column Size: 10
Remarks: 
Column Definition: null
Ordinal Position: 5
Is Autoincrement: NO
Is Generated Column: NO
Database Name: banks
Table Name: com.security.academicinternshipproject.SQLTableInfo@33b1c5c5
Table Name: com.security.academicinternshipproject.SQLTableInfo@5b202a3a
Table Name: com.security.academicinternshipproject.SQLTableInfo@10b9db7b
Database Name: banks
Table Name: accounts
Column Name: account_id
Data Type: 4
Type Name: INT
Column Size: 10
Remarks: 
Column Definition: null
Ordinal Position: 1
Is Autoincrement: YES
Is Generated Column: NO
Column Name: account_holder
Data Type: 12
Type Name: VARCHAR
Column Size: 255
Remarks: 
Column Definition: null
Ordinal Position: 2
Is Autoincrement: NO
Is Generated Column: NO
Column Name: balance
Data Type: 3
Type Name: DECIMAL
Column Size: 10
Remarks: 
Column Definition: null
Ordinal Position: 3
Is Autoincrement: NO
Is Generated Column: NO
Number of columns: 3
Executing
Column Name: account_id
Data Type: 4
Type Name: INT
Column Size: 10
Remarks: 
Column Definition: null
Ordinal Position: 1
Is Autoincrement: YES
Is Generated Column: NO
Executing
Column Name: account_holder
Data Type: 12
Type Name: VARCHAR
Column Size: 255
Remarks: 
Column Definition: null
Ordinal Position: 2
Is Autoincrement: NO
Is Generated Column: NO
Executing
Column Name: balance
Data Type: 3
Type Name: DECIMAL
Column Size: 10
Remarks: 
Column Definition: null
Ordinal Position: 3
Is Autoincrement: NO
Is Generated Column: NO
Database Name: banks
Table Name: transactions
Column Name: transaction_id
Data Type: 4
Type Name: INT
Column Size: 10
Remarks: 
Column Definition: null
Ordinal Position: 1
Is Autoincrement: YES
Is Generated Column: NO
Column Name: account_id
Data Type: 4
Type Name: INT
Column Size: 10
Remarks: 
Column Definition: null
Ordinal Position: 2
Is Autoincrement: NO
Is Generated Column: NO
Column Name: amount
Data Type: 3
Type Name: DECIMAL
Column Size: 10
Remarks: 
Column Definition: null
Ordinal Position: 3
Is Autoincrement: NO
Is Generated Column: NO
Column Name: transaction_type
Data Type: 1
Type Name: ENUM
Column Size: 10
Remarks: 
Column Definition: null
Ordinal Position: 4
Is Autoincrement: NO
Is Generated Column: NO
Number of columns: 4
Executing
Column Name: transaction_id
Data Type: 4
Type Name: INT
Column Size: 10
Remarks: 
Column Definition: null
Ordinal Position: 1
Is Autoincrement: YES
Is Generated Column: NO
Executing
Column Name: account_id
Data Type: 4
Type Name: INT
Column Size: 10
Remarks: 
Column Definition: null
Ordinal Position: 2
Is Autoincrement: NO
Is Generated Column: NO
Executing
Column Name: amount
Data Type: 3
Type Name: DECIMAL
Column Size: 10
Remarks: 
Column Definition: null
Ordinal Position: 3
Is Autoincrement: NO
Is Generated Column: NO
Executing
Column Name: transaction_type
Data Type: 1
Type Name: ENUM
Column Size: 10
Remarks: 
Column Definition: null
Ordinal Position: 4
Is Autoincrement: NO
Is Generated Column: NO
Database Name: banks
Table Name: users
Column Name: id
Data Type: 4
Type Name: INT
Column Size: 10
Remarks: 
Column Definition: null
Ordinal Position: 1
Is Autoincrement: NO
Is Generated Column: NO
Column Name: username
Data Type: 12
Type Name: VARCHAR
Column Size: 255
Remarks: 
Column Definition: null
Ordinal Position: 2
Is Autoincrement: NO
Is Generated Column: NO
Column Name: email
Data Type: 12
Type Name: VARCHAR
Column Size: 255
Remarks: 
Column Definition: null
Ordinal Position: 3
Is Autoincrement: NO
Is Generated Column: NO
Number of columns: 3
Executing
Column Name: id
Data Type: 4
Type Name: INT
Column Size: 10
Remarks: 
Column Definition: null
Ordinal Position: 1
Is Autoincrement: NO
Is Generated Column: NO
Executing
Column Name: username
Data Type: 12
Type Name: VARCHAR
Column Size: 255
Remarks: 
Column Definition: null
Ordinal Position: 2
Is Autoincrement: NO
Is Generated Column: NO
Executing
Column Name: email
Data Type: 12
Type Name: VARCHAR
Column Size: 255
Remarks: 
Column Definition: null
Ordinal Position: 3
Is Autoincrement: NO
Is Generated Column: NO
Database Name: farmequipmentdb
Table Name: com.security.academicinternshipproject.SQLTableInfo@9ef8eb7
Table Name: com.security.academicinternshipproject.SQLTableInfo@34cdeda2
Table Name: com.security.academicinternshipproject.SQLTableInfo@6ee660fb
Table Name: com.security.academicinternshipproject.SQLTableInfo@305a0c5f
Table Name: com.security.academicinternshipproject.SQLTableInfo@4535b6d5
Table Name: com.security.academicinternshipproject.SQLTableInfo@1ecee32c
Database Name: farmequipmentdb
Table Name: inventory
Column Name: item_id
Data Type: 4
Type Name: INT
Column Size: 10
Remarks: 
Column Definition: null
Ordinal Position: 1
Is Autoincrement: YES
Is Generated Column: NO
Column Name: item_name
Data Type: 12
Type Name: VARCHAR
Column Size: 50
Remarks: 
Column Definition: null
Ordinal Position: 2
Is Autoincrement: NO
Is Generated Column: NO
Column Name: manufacturer
Data Type: 12
Type Name: VARCHAR
Column Size: 50
Remarks: 
Column Definition: null
Ordinal Position: 3
Is Autoincrement: NO
Is Generated Column: NO
Column Name: category
Data Type: 12
Type Name: VARCHAR
Column Size: 50
Remarks: 
Column Definition: null
Ordinal Position: 4
Is Autoincrement: NO
Is Generated Column: NO
Column Name: mileage
Data Type: 12
Type Name: VARCHAR
Column Size: 50
Remarks: 
Column Definition: null
Ordinal Position: 5
Is Autoincrement: NO
Is Generated Column: NO
Column Name: operational
Data Type: -7
Type Name: BIT
Column Size: 1
Remarks: 
Column Definition: null
Ordinal Position: 6
Is Autoincrement: NO
Is Generated Column: NO
Column Name: deployed
Data Type: 91
Type Name: DATE
Column Size: 10
Remarks: 
Column Definition: null
Ordinal Position: 7
Is Autoincrement: NO
Is Generated Column: NO
Column Name: location_id
Data Type: 4
Type Name: INT
Column Size: 10
Remarks: 
Column Definition: null
Ordinal Position: 8
Is Autoincrement: NO
Is Generated Column: NO
Number of columns: 8
Executing
Column Name: item_id
Data Type: 4
Type Name: INT
Column Size: 10
Remarks: 
Column Definition: null
Ordinal Position: 1
Is Autoincrement: YES
Is Generated Column: NO
Executing
Column Name: item_name
Data Type: 12
Type Name: VARCHAR
Column Size: 50
Remarks: 
Column Definition: null
Ordinal Position: 2
Is Autoincrement: NO
Is Generated Column: NO
Executing
Column Name: manufacturer
Data Type: 12
Type Name: VARCHAR
Column Size: 50
Remarks: 
Column Definition: null
Ordinal Position: 3
Is Autoincrement: NO
Is Generated Column: NO
Executing
Column Name: category
Data Type: 12
Type Name: VARCHAR
Column Size: 50
Remarks: 
Column Definition: null
Ordinal Position: 4
Is Autoincrement: NO
Is Generated Column: NO
Executing
Column Name: mileage
Data Type: 12
Type Name: VARCHAR
Column Size: 50
Remarks: 
Column Definition: null
Ordinal Position: 5
Is Autoincrement: NO
Is Generated Column: NO
Executing
Column Name: operational
Data Type: -7
Type Name: BIT
Column Size: 1
Remarks: 
Column Definition: null
Ordinal Position: 6
Is Autoincrement: NO
Is Generated Column: NO
Executing
Column Name: deployed
Data Type: 91
Type Name: DATE
Column Size: 10
Remarks: 
Column Definition: null
Ordinal Position: 7
Is Autoincrement: NO
Is Generated Column: NO
Executing
Column Name: location_id
Data Type: 4
Type Name: INT
Column Size: 10
Remarks: 
Column Definition: null
Ordinal Position: 8
Is Autoincrement: NO
Is Generated Column: NO
Database Name: farmequipmentdb
Table Name: storage_location
Column Name: location_id
Data Type: 4
Type Name: INT
Column Size: 10
Remarks: 
Column Definition: null
Ordinal Position: 1
Is Autoincrement: YES
Is Generated Column: NO
Column Name: location_name
Data Type: 12
Type Name: VARCHAR
Column Size: 100
Remarks: 
Column Definition: null
Ordinal Position: 2
Is Autoincrement: NO
Is Generated Column: NO
Column Name: capacity
Data Type: 4
Type Name: INT
Column Size: 10
Remarks: 
Column Definition: null
Ordinal Position: 3
Is Autoincrement: NO
Is Generated Column: NO
Column Name: storage_type
Data Type: 1
Type Name: ENUM
Column Size: 22
Remarks: 
Column Definition: null
Ordinal Position: 4
Is Autoincrement: NO
Is Generated Column: NO
Column Name: security_level
Data Type: 1
Type Name: ENUM
Column Size: 6
Remarks: 
Column Definition: medium
Ordinal Position: 5
Is Autoincrement: NO
Is Generated Column: NO
Column Name: climate_control_features
Data Type: 12
Type Name: VARCHAR
Column Size: 255
Remarks: 
Column Definition: null
Ordinal Position: 6
Is Autoincrement: NO
Is Generated Column: NO
Number of columns: 6
Executing
Column Name: location_id
Data Type: 4
Type Name: INT
Column Size: 10
Remarks: 
Column Definition: null
Ordinal Position: 1
Is Autoincrement: YES
Is Generated Column: NO
Executing
Column Name: location_name
Data Type: 12
Type Name: VARCHAR
Column Size: 100
Remarks: 
Column Definition: null
Ordinal Position: 2
Is Autoincrement: NO
Is Generated Column: NO
Executing
Column Name: capacity
Data Type: 4
Type Name: INT
Column Size: 10
Remarks: 
Column Definition: null
Ordinal Position: 3
Is Autoincrement: NO
Is Generated Column: NO
Executing
Column Name: storage_type
Data Type: 1
Type Name: ENUM
Column Size: 22
Remarks: 
Column Definition: null
Ordinal Position: 4
Is Autoincrement: NO
Is Generated Column: NO
Executing
Column Name: security_level
Data Type: 1
Type Name: ENUM
Column Size: 6
Remarks: 
Column Definition: medium
Ordinal Position: 5
Is Autoincrement: NO
Is Generated Column: NO
Executing
Column Name: climate_control_features
Data Type: 12
Type Name: VARCHAR
Column Size: 255
Remarks: 
Column Definition: null
Ordinal Position: 6
Is Autoincrement: NO
Is Generated Column: NO
Database Name: farmequipmentdb
Table Name: storage_monitoring
Column Name: monitoring_id
Data Type: 4
Type Name: INT
Column Size: 10
Remarks: 
Column Definition: null
Ordinal Position: 1
Is Autoincrement: YES
Is Generated Column: NO
Column Name: location_id
Data Type: 4
Type Name: INT
Column Size: 10
Remarks: 
Column Definition: null
Ordinal Position: 2
Is Autoincrement: NO
Is Generated Column: NO
Column Name: temperature
Data Type: 3
Type Name: DECIMAL
Column Size: 5
Remarks: 
Column Definition: null
Ordinal Position: 3
Is Autoincrement: NO
Is Generated Column: NO
Column Name: humidity
Data Type: 3
Type Name: DECIMAL
Column Size: 5
Remarks: 
Column Definition: null
Ordinal Position: 4
Is Autoincrement: NO
Is Generated Column: NO
Column Name: last_checked
Data Type: 93
Type Name: TIMESTAMP
Column Size: 19
Remarks: 
Column Definition: CURRENT_TIMESTAMP
Ordinal Position: 5
Is Autoincrement: NO
Is Generated Column: YES
Column Name: status
Data Type: 1
Type Name: ENUM
Column Size: 8
Remarks: 
Column Definition: normal
Ordinal Position: 6
Is Autoincrement: NO
Is Generated Column: NO
Number of columns: 6
Executing
Column Name: monitoring_id
Data Type: 4
Type Name: INT
Column Size: 10
Remarks: 
Column Definition: null
Ordinal Position: 1
Is Autoincrement: YES
Is Generated Column: NO
Executing
Column Name: location_id
Data Type: 4
Type Name: INT
Column Size: 10
Remarks: 
Column Definition: null
Ordinal Position: 2
Is Autoincrement: NO
Is Generated Column: NO
Executing
Column Name: temperature
Data Type: 3
Type Name: DECIMAL
Column Size: 5
Remarks: 
Column Definition: null
Ordinal Position: 3
Is Autoincrement: NO
Is Generated Column: NO
Executing
Column Name: humidity
Data Type: 3
Type Name: DECIMAL
Column Size: 5
Remarks: 
Column Definition: null
Ordinal Position: 4
Is Autoincrement: NO
Is Generated Column: NO
Executing
Column Name: last_checked
Data Type: 93
Type Name: TIMESTAMP
Column Size: 19
Remarks: 
Column Definition: CURRENT_TIMESTAMP
Ordinal Position: 5
Is Autoincrement: NO
Is Generated Column: YES
Executing
Column Name: status
Data Type: 1
Type Name: ENUM
Column Size: 8
Remarks: 
Column Definition: normal
Ordinal Position: 6
Is Autoincrement: NO
Is Generated Column: NO
Database Name: farmequipmentdb
Table Name: stored_equipment
Column Name: stored_id
Data Type: 4
Type Name: INT
Column Size: 10
Remarks: 
Column Definition: null
Ordinal Position: 1
Is Autoincrement: YES
Is Generated Column: NO
Column Name: location_id
Data Type: 4
Type Name: INT
Column Size: 10
Remarks: 
Column Definition: null
Ordinal Position: 2
Is Autoincrement: NO
Is Generated Column: NO
Column Name: item_id
Data Type: 4
Type Name: INT
Column Size: 10
Remarks: 
Column Definition: null
Ordinal Position: 3
Is Autoincrement: NO
Is Generated Column: NO
Column Name: storage_date
Data Type: 91
Type Name: DATE
Column Size: 10
Remarks: 
Column Definition: null
Ordinal Position: 4
Is Autoincrement: NO
Is Generated Column: NO
Column Name: expected_removal_date
Data Type: 91
Type Name: DATE
Column Size: 10
Remarks: 
Column Definition: null
Ordinal Position: 5
Is Autoincrement: NO
Is Generated Column: NO
Column Name: access_priority
Data Type: 1
Type Name: ENUM
Column Size: 6
Remarks: 
Column Definition: medium
Ordinal Position: 6
Is Autoincrement: NO
Is Generated Column: NO
Column Name: current_conditions
Data Type: 1
Type Name: ENUM
Column Size: 10
Remarks: 
Column Definition: optimal
Ordinal Position: 7
Is Autoincrement: NO
Is Generated Column: NO
Number of columns: 7
Executing
Column Name: stored_id
Data Type: 4
Type Name: INT
Column Size: 10
Remarks: 
Column Definition: null
Ordinal Position: 1
Is Autoincrement: YES
Is Generated Column: NO
Executing
Column Name: location_id
Data Type: 4
Type Name: INT
Column Size: 10
Remarks: 
Column Definition: null
Ordinal Position: 2
Is Autoincrement: NO
Is Generated Column: NO
Executing
Column Name: item_id
Data Type: 4
Type Name: INT
Column Size: 10
Remarks: 
Column Definition: null
Ordinal Position: 3
Is Autoincrement: NO
Is Generated Column: NO
Executing
Column Name: storage_date
Data Type: 91
Type Name: DATE
Column Size: 10
Remarks: 
Column Definition: null
Ordinal Position: 4
Is Autoincrement: NO
Is Generated Column: NO
Executing
Column Name: expected_removal_date
Data Type: 91
Type Name: DATE
Column Size: 10
Remarks: 
Column Definition: null
Ordinal Position: 5
Is Autoincrement: NO
Is Generated Column: NO
Executing
Column Name: access_priority
Data Type: 1
Type Name: ENUM
Column Size: 6
Remarks: 
Column Definition: medium
Ordinal Position: 6
Is Autoincrement: NO
Is Generated Column: NO
Executing
Column Name: current_conditions
Data Type: 1
Type Name: ENUM
Column Size: 10
Remarks: 
Column Definition: optimal
Ordinal Position: 7
Is Autoincrement: NO
Is Generated Column: NO
Database Name: farmequipmentdb
Table Name: tasks
Column Name: task_id
Data Type: 4
Type Name: INT
Column Size: 10
Remarks: 
Column Definition: null
Ordinal Position: 1
Is Autoincrement: YES
Is Generated Column: NO
Column Name: task_name
Data Type: 12
Type Name: VARCHAR
Column Size: 50
Remarks: 
Column Definition: null
Ordinal Position: 2
Is Autoincrement: NO
Is Generated Column: NO
Column Name: tool_id
Data Type: 4
Type Name: INT
Column Size: 10
Remarks: 
Column Definition: null
Ordinal Position: 3
Is Autoincrement: NO
Is Generated Column: NO
Column Name: other_tool_id
Data Type: 4
Type Name: INT
Column Size: 10
Remarks: 
Column Definition: null
Ordinal Position: 4
Is Autoincrement: NO
Is Generated Column: NO
Column Name: day_of_week
Data Type: 12
Type Name: VARCHAR
Column Size: 50
Remarks: 
Column Definition: null
Ordinal Position: 5
Is Autoincrement: NO
Is Generated Column: NO
Column Name: length_of_task
Data Type: 4
Type Name: INT
Column Size: 10
Remarks: 
Column Definition: null
Ordinal Position: 6
Is Autoincrement: NO
Is Generated Column: NO
Number of columns: 6
Executing
Column Name: task_id
Data Type: 4
Type Name: INT
Column Size: 10
Remarks: 
Column Definition: null
Ordinal Position: 1
Is Autoincrement: YES
Is Generated Column: NO
Executing
Column Name: task_name
Data Type: 12
Type Name: VARCHAR
Column Size: 50
Remarks: 
Column Definition: null
Ordinal Position: 2
Is Autoincrement: NO
Is Generated Column: NO
Executing
Column Name: tool_id
Data Type: 4
Type Name: INT
Column Size: 10
Remarks: 
Column Definition: null
Ordinal Position: 3
Is Autoincrement: NO
Is Generated Column: NO
Executing
Column Name: other_tool_id
Data Type: 4
Type Name: INT
Column Size: 10
Remarks: 
Column Definition: null
Ordinal Position: 4
Is Autoincrement: NO
Is Generated Column: NO
Executing
Column Name: day_of_week
Data Type: 12
Type Name: VARCHAR
Column Size: 50
Remarks: 
Column Definition: null
Ordinal Position: 5
Is Autoincrement: NO
Is Generated Column: NO
Executing
Column Name: length_of_task
Data Type: 4
Type Name: INT
Column Size: 10
Remarks: 
Column Definition: null
Ordinal Position: 6
Is Autoincrement: NO
Is Generated Column: NO
Database Name: farmequipmentdb
Table Name: ticket
Column Name: ticket_id
Data Type: 4
Type Name: INT
Column Size: 10
Remarks: 
Column Definition: null
Ordinal Position: 1
Is Autoincrement: YES
Is Generated Column: NO
Column Name: item_id
Data Type: 4
Type Name: INT
Column Size: 10
Remarks: 
Column Definition: null
Ordinal Position: 2
Is Autoincrement: NO
Is Generated Column: NO
Column Name: ticket_date
Data Type: 91
Type Name: DATE
Column Size: 10
Remarks: 
Column Definition: null
Ordinal Position: 3
Is Autoincrement: NO
Is Generated Column: NO
Column Name: ticket_description
Data Type: 12
Type Name: VARCHAR
Column Size: 250
Remarks: 
Column Definition: null
Ordinal Position: 4
Is Autoincrement: NO
Is Generated Column: NO
Column Name: severity
Data Type: 1
Type Name: ENUM
Column Size: 7
Remarks: 
Column Definition: null
Ordinal Position: 5
Is Autoincrement: NO
Is Generated Column: NO
Column Name: resolved
Data Type: -7
Type Name: BIT
Column Size: 1
Remarks: 
Column Definition: null
Ordinal Position: 6
Is Autoincrement: NO
Is Generated Column: NO
Number of columns: 6
Executing
Column Name: ticket_id
Data Type: 4
Type Name: INT
Column Size: 10
Remarks: 
Column Definition: null
Ordinal Position: 1
Is Autoincrement: YES
Is Generated Column: NO
Executing
Column Name: item_id
Data Type: 4
Type Name: INT
Column Size: 10
Remarks: 
Column Definition: null
Ordinal Position: 2
Is Autoincrement: NO
Is Generated Column: NO
Executing
Column Name: ticket_date
Data Type: 91
Type Name: DATE
Column Size: 10
Remarks: 
Column Definition: null
Ordinal Position: 3
Is Autoincrement: NO
Is Generated Column: NO
Executing
Column Name: ticket_description
Data Type: 12
Type Name: VARCHAR
Column Size: 250
Remarks: 
Column Definition: null
Ordinal Position: 4
Is Autoincrement: NO
Is Generated Column: NO
Executing
Column Name: severity
Data Type: 1
Type Name: ENUM
Column Size: 7
Remarks: 
Column Definition: null
Ordinal Position: 5
Is Autoincrement: NO
Is Generated Column: NO
Executing
Column Name: resolved
Data Type: -7
Type Name: BIT
Column Size: 1
Remarks: 
Column Definition: null
Ordinal Position: 6
Is Autoincrement: NO
Is Generated Column: NO
Database Name: giftdb
Table Name: com.security.academicinternshipproject.SQLTableInfo@4372b9b6
Database Name: giftdb
Table Name: gifts_table
Column Name: recipient
Data Type: 12
Type Name: VARCHAR
Column Size: 255
Remarks: 
Column Definition: null
Ordinal Position: 1
Is Autoincrement: NO
Is Generated Column: NO
Column Name: gift
Data Type: 12
Type Name: VARCHAR
Column Size: 255
Remarks: 
Column Definition: null
Ordinal Position: 2
Is Autoincrement: NO
Is Generated Column: NO
Column Name: URL
Data Type: 12
Type Name: VARCHAR
Column Size: 255
Remarks: 
Column Definition: null
Ordinal Position: 3
Is Autoincrement: NO
Is Generated Column: NO
Number of columns: 3
Executing
Column Name: recipient
Data Type: 12
Type Name: VARCHAR
Column Size: 255
Remarks: 
Column Definition: null
Ordinal Position: 1
Is Autoincrement: NO
Is Generated Column: NO
Executing
Column Name: gift
Data Type: 12
Type Name: VARCHAR
Column Size: 255
Remarks: 
Column Definition: null
Ordinal Position: 2
Is Autoincrement: NO
Is Generated Column: NO
Executing
Column Name: URL
Data Type: 12
Type Name: VARCHAR
Column Size: 255
Remarks: 
Column Definition: null
Ordinal Position: 3
Is Autoincrement: NO
Is Generated Column: NO
Database Name: sakila
Table Name: com.security.academicinternshipproject.SQLTableInfo@232a7d73
Table Name: com.security.academicinternshipproject.SQLTableInfo@4b41e4dd
Table Name: com.security.academicinternshipproject.SQLTableInfo@22ffa91a
Table Name: com.security.academicinternshipproject.SQLTableInfo@74960bfa
Table Name: com.security.academicinternshipproject.SQLTableInfo@42721fe
Table Name: com.security.academicinternshipproject.SQLTableInfo@40844aab
Table Name: com.security.academicinternshipproject.SQLTableInfo@1f6c9cd8
Table Name: com.security.academicinternshipproject.SQLTableInfo@5b619d14
Table Name: com.security.academicinternshipproject.SQLTableInfo@66746f57
Table Name: com.security.academicinternshipproject.SQLTableInfo@447a020
Table Name: com.security.academicinternshipproject.SQLTableInfo@7f36662c
Table Name: com.security.academicinternshipproject.SQLTableInfo@28e8dde3
Table Name: com.security.academicinternshipproject.SQLTableInfo@6d23017e
Table Name: com.security.academicinternshipproject.SQLTableInfo@54dcfa5a
Table Name: com.security.academicinternshipproject.SQLTableInfo@1817f1eb
Table Name: com.security.academicinternshipproject.SQLTableInfo@767e20cf
Table Name: com.security.academicinternshipproject.SQLTableInfo@3a3e78f
Database Name: sakila
Table Name: actor
Column Name: actor_id
Data Type: 5
Type Name: SMALLINT UNSIGNED
Column Size: 5
Remarks: 
Column Definition: null
Ordinal Position: 1
Is Autoincrement: YES
Is Generated Column: NO
Column Name: first_name
Data Type: 12
Type Name: VARCHAR
Column Size: 45
Remarks: 
Column Definition: null
Ordinal Position: 2
Is Autoincrement: NO
Is Generated Column: NO
Column Name: last_name
Data Type: 12
Type Name: VARCHAR
Column Size: 45
Remarks: 
Column Definition: null
Ordinal Position: 3
Is Autoincrement: NO
Is Generated Column: NO
Column Name: last_update
Data Type: 93
Type Name: TIMESTAMP
Column Size: 19
Remarks: 
Column Definition: CURRENT_TIMESTAMP
Ordinal Position: 4
Is Autoincrement: NO
Is Generated Column: YES
Number of columns: 4
Executing
Column Name: actor_id
Data Type: 5
Type Name: SMALLINT UNSIGNED
Column Size: 5
Remarks: 
Column Definition: null
Ordinal Position: 1
Is Autoincrement: YES
Is Generated Column: NO
Executing
Column Name: first_name
Data Type: 12
Type Name: VARCHAR
Column Size: 45
Remarks: 
Column Definition: null
Ordinal Position: 2
Is Autoincrement: NO
Is Generated Column: NO
Executing
Column Name: last_name
Data Type: 12
Type Name: VARCHAR
Column Size: 45
Remarks: 
Column Definition: null
Ordinal Position: 3
Is Autoincrement: NO
Is Generated Column: NO
Executing
Column Name: last_update
Data Type: 93
Type Name: TIMESTAMP
Column Size: 19
Remarks: 
Column Definition: CURRENT_TIMESTAMP
Ordinal Position: 4
Is Autoincrement: NO
Is Generated Column: YES
Database Name: sakila
Table Name: address
Column Name: address_id
Data Type: 5
Type Name: SMALLINT UNSIGNED
Column Size: 5
Remarks: 
Column Definition: null
Ordinal Position: 1
Is Autoincrement: YES
Is Generated Column: NO
Column Name: address
Data Type: 12
Type Name: VARCHAR
Column Size: 50
Remarks: 
Column Definition: null
Ordinal Position: 2
Is Autoincrement: NO
Is Generated Column: NO
Column Name: address2
Data Type: 12
Type Name: VARCHAR
Column Size: 50
Remarks: 
Column Definition: null
Ordinal Position: 3
Is Autoincrement: NO
Is Generated Column: NO
Column Name: district
Data Type: 12
Type Name: VARCHAR
Column Size: 20
Remarks: 
Column Definition: null
Ordinal Position: 4
Is Autoincrement: NO
Is Generated Column: NO
Column Name: city_id
Data Type: 5
Type Name: SMALLINT UNSIGNED
Column Size: 5
Remarks: 
Column Definition: null
Ordinal Position: 5
Is Autoincrement: NO
Is Generated Column: NO
Column Name: postal_code
Data Type: 12
Type Name: VARCHAR
Column Size: 10
Remarks: 
Column Definition: null
Ordinal Position: 6
Is Autoincrement: NO
Is Generated Column: NO
Column Name: phone
Data Type: 12
Type Name: VARCHAR
Column Size: 20
Remarks: 
Column Definition: null
Ordinal Position: 7
Is Autoincrement: NO
Is Generated Column: NO
Column Name: location
Data Type: -2
Type Name: GEOMETRY
Column Size: 65535
Remarks: 
Column Definition: null
Ordinal Position: 8
Is Autoincrement: NO
Is Generated Column: NO
Column Name: last_update
Data Type: 93
Type Name: TIMESTAMP
Column Size: 19
Remarks: 
Column Definition: CURRENT_TIMESTAMP
Ordinal Position: 9
Is Autoincrement: NO
Is Generated Column: YES
Number of columns: 9
Executing
Column Name: address_id
Data Type: 5
Type Name: SMALLINT UNSIGNED
Column Size: 5
Remarks: 
Column Definition: null
Ordinal Position: 1
Is Autoincrement: YES
Is Generated Column: NO
Executing
Column Name: address
Data Type: 12
Type Name: VARCHAR
Column Size: 50
Remarks: 
Column Definition: null
Ordinal Position: 2
Is Autoincrement: NO
Is Generated Column: NO
Executing
Column Name: address2
Data Type: 12
Type Name: VARCHAR
Column Size: 50
Remarks: 
Column Definition: null
Ordinal Position: 3
Is Autoincrement: NO
Is Generated Column: NO
Executing
Column Name: district
Data Type: 12
Type Name: VARCHAR
Column Size: 20
Remarks: 
Column Definition: null
Ordinal Position: 4
Is Autoincrement: NO
Is Generated Column: NO
Executing
Column Name: city_id
Data Type: 5
Type Name: SMALLINT UNSIGNED
Column Size: 5
Remarks: 
Column Definition: null
Ordinal Position: 5
Is Autoincrement: NO
Is Generated Column: NO
Executing
Column Name: postal_code
Data Type: 12
Type Name: VARCHAR
Column Size: 10
Remarks: 
Column Definition: null
Ordinal Position: 6
Is Autoincrement: NO
Is Generated Column: NO
Executing
Column Name: phone
Data Type: 12
Type Name: VARCHAR
Column Size: 20
Remarks: 
Column Definition: null
Ordinal Position: 7
Is Autoincrement: NO
Is Generated Column: NO
Executing
Column Name: location
Data Type: -2
Type Name: GEOMETRY
Column Size: 65535
Remarks: 
Column Definition: null
Ordinal Position: 8
Is Autoincrement: NO
Is Generated Column: NO
Executing
Column Name: last_update
Data Type: 93
Type Name: TIMESTAMP
Column Size: 19
Remarks: 
Column Definition: CURRENT_TIMESTAMP
Ordinal Position: 9
Is Autoincrement: NO
Is Generated Column: YES
Database Name: sakila
Table Name: category
Column Name: category_id
Data Type: -6
Type Name: TINYINT UNSIGNED
Column Size: 3
Remarks: 
Column Definition: null
Ordinal Position: 1
Is Autoincrement: YES
Is Generated Column: NO
Column Name: name
Data Type: 12
Type Name: VARCHAR
Column Size: 25
Remarks: 
Column Definition: null
Ordinal Position: 2
Is Autoincrement: NO
Is Generated Column: NO
Column Name: last_update
Data Type: 93
Type Name: TIMESTAMP
Column Size: 19
Remarks: 
Column Definition: CURRENT_TIMESTAMP
Ordinal Position: 3
Is Autoincrement: NO
Is Generated Column: YES
Number of columns: 3
Executing
Column Name: category_id
Data Type: -6
Type Name: TINYINT UNSIGNED
Column Size: 3
Remarks: 
Column Definition: null
Ordinal Position: 1
Is Autoincrement: YES
Is Generated Column: NO
Executing
Column Name: name
Data Type: 12
Type Name: VARCHAR
Column Size: 25
Remarks: 
Column Definition: null
Ordinal Position: 2
Is Autoincrement: NO
Is Generated Column: NO
Executing
Column Name: last_update
Data Type: 93
Type Name: TIMESTAMP
Column Size: 19
Remarks: 
Column Definition: CURRENT_TIMESTAMP
Ordinal Position: 3
Is Autoincrement: NO
Is Generated Column: YES
Database Name: sakila
Table Name: city
Column Name: city_id
Data Type: 5
Type Name: SMALLINT UNSIGNED
Column Size: 5
Remarks: 
Column Definition: null
Ordinal Position: 1
Is Autoincrement: YES
Is Generated Column: NO
Column Name: city
Data Type: 12
Type Name: VARCHAR
Column Size: 50
Remarks: 
Column Definition: null
Ordinal Position: 2
Is Autoincrement: NO
Is Generated Column: NO
Column Name: country_id
Data Type: 5
Type Name: SMALLINT UNSIGNED
Column Size: 5
Remarks: 
Column Definition: null
Ordinal Position: 3
Is Autoincrement: NO
Is Generated Column: NO
Column Name: last_update
Data Type: 93
Type Name: TIMESTAMP
Column Size: 19
Remarks: 
Column Definition: CURRENT_TIMESTAMP
Ordinal Position: 4
Is Autoincrement: NO
Is Generated Column: YES
Number of columns: 4
Executing
Column Name: city_id
Data Type: 5
Type Name: SMALLINT UNSIGNED
Column Size: 5
Remarks: 
Column Definition: null
Ordinal Position: 1
Is Autoincrement: YES
Is Generated Column: NO
Executing
Column Name: city
Data Type: 12
Type Name: VARCHAR
Column Size: 50
Remarks: 
Column Definition: null
Ordinal Position: 2
Is Autoincrement: NO
Is Generated Column: NO
Executing
Column Name: country_id
Data Type: 5
Type Name: SMALLINT UNSIGNED
Column Size: 5
Remarks: 
Column Definition: null
Ordinal Position: 3
Is Autoincrement: NO
Is Generated Column: NO
Executing
Column Name: last_update
Data Type: 93
Type Name: TIMESTAMP
Column Size: 19
Remarks: 
Column Definition: CURRENT_TIMESTAMP
Ordinal Position: 4
Is Autoincrement: NO
Is Generated Column: YES
Database Name: sakila
Table Name: country
Column Name: country_id
Data Type: 5
Type Name: SMALLINT UNSIGNED
Column Size: 5
Remarks: 
Column Definition: null
Ordinal Position: 1
Is Autoincrement: YES
Is Generated Column: NO
Column Name: country
Data Type: 12
Type Name: VARCHAR
Column Size: 50
Remarks: 
Column Definition: null
Ordinal Position: 2
Is Autoincrement: NO
Is Generated Column: NO
Column Name: last_update
Data Type: 93
Type Name: TIMESTAMP
Column Size: 19
Remarks: 
Column Definition: CURRENT_TIMESTAMP
Ordinal Position: 3
Is Autoincrement: NO
Is Generated Column: YES
Number of columns: 3
Executing
Column Name: country_id
Data Type: 5
Type Name: SMALLINT UNSIGNED
Column Size: 5
Remarks: 
Column Definition: null
Ordinal Position: 1
Is Autoincrement: YES
Is Generated Column: NO
Executing
Column Name: country
Data Type: 12
Type Name: VARCHAR
Column Size: 50
Remarks: 
Column Definition: null
Ordinal Position: 2
Is Autoincrement: NO
Is Generated Column: NO
Executing
Column Name: last_update
Data Type: 93
Type Name: TIMESTAMP
Column Size: 19
Remarks: 
Column Definition: CURRENT_TIMESTAMP
Ordinal Position: 3
Is Autoincrement: NO
Is Generated Column: YES
Database Name: sakila
Table Name: customer
Column Name: customer_id
Data Type: 5
Type Name: SMALLINT UNSIGNED
Column Size: 5
Remarks: 
Column Definition: null
Ordinal Position: 1
Is Autoincrement: YES
Is Generated Column: NO
Column Name: store_id
Data Type: -6
Type Name: TINYINT UNSIGNED
Column Size: 3
Remarks: 
Column Definition: null
Ordinal Position: 2
Is Autoincrement: NO
Is Generated Column: NO
Column Name: first_name
Data Type: 12
Type Name: VARCHAR
Column Size: 45
Remarks: 
Column Definition: null
Ordinal Position: 3
Is Autoincrement: NO
Is Generated Column: NO
Column Name: last_name
Data Type: 12
Type Name: VARCHAR
Column Size: 45
Remarks: 
Column Definition: null
Ordinal Position: 4
Is Autoincrement: NO
Is Generated Column: NO
Column Name: email
Data Type: 12
Type Name: VARCHAR
Column Size: 50
Remarks: 
Column Definition: null
Ordinal Position: 5
Is Autoincrement: NO
Is Generated Column: NO
Column Name: address_id
Data Type: 5
Type Name: SMALLINT UNSIGNED
Column Size: 5
Remarks: 
Column Definition: null
Ordinal Position: 6
Is Autoincrement: NO
Is Generated Column: NO
Column Name: active
Data Type: -7
Type Name: BIT
Column Size: 1
Remarks: 
Column Definition: 1
Ordinal Position: 7
Is Autoincrement: NO
Is Generated Column: NO
Column Name: create_date
Data Type: 93
Type Name: DATETIME
Column Size: 19
Remarks: 
Column Definition: null
Ordinal Position: 8
Is Autoincrement: NO
Is Generated Column: NO
Column Name: last_update
Data Type: 93
Type Name: TIMESTAMP
Column Size: 19
Remarks: 
Column Definition: CURRENT_TIMESTAMP
Ordinal Position: 9
Is Autoincrement: NO
Is Generated Column: YES
Number of columns: 9
Executing
Column Name: customer_id
Data Type: 5
Type Name: SMALLINT UNSIGNED
Column Size: 5
Remarks: 
Column Definition: null
Ordinal Position: 1
Is Autoincrement: YES
Is Generated Column: NO
Executing
Column Name: store_id
Data Type: -6
Type Name: TINYINT UNSIGNED
Column Size: 3
Remarks: 
Column Definition: null
Ordinal Position: 2
Is Autoincrement: NO
Is Generated Column: NO
Executing
Column Name: first_name
Data Type: 12
Type Name: VARCHAR
Column Size: 45
Remarks: 
Column Definition: null
Ordinal Position: 3
Is Autoincrement: NO
Is Generated Column: NO
Executing
Column Name: last_name
Data Type: 12
Type Name: VARCHAR
Column Size: 45
Remarks: 
Column Definition: null
Ordinal Position: 4
Is Autoincrement: NO
Is Generated Column: NO
Executing
Column Name: email
Data Type: 12
Type Name: VARCHAR
Column Size: 50
Remarks: 
Column Definition: null
Ordinal Position: 5
Is Autoincrement: NO
Is Generated Column: NO
Executing
Column Name: address_id
Data Type: 5
Type Name: SMALLINT UNSIGNED
Column Size: 5
Remarks: 
Column Definition: null
Ordinal Position: 6
Is Autoincrement: NO
Is Generated Column: NO
Executing
Column Name: active
Data Type: -7
Type Name: BIT
Column Size: 1
Remarks: 
Column Definition: 1
Ordinal Position: 7
Is Autoincrement: NO
Is Generated Column: NO
Executing
Column Name: create_date
Data Type: 93
Type Name: DATETIME
Column Size: 19
Remarks: 
Column Definition: null
Ordinal Position: 8
Is Autoincrement: NO
Is Generated Column: NO
Executing
Column Name: last_update
Data Type: 93
Type Name: TIMESTAMP
Column Size: 19
Remarks: 
Column Definition: CURRENT_TIMESTAMP
Ordinal Position: 9
Is Autoincrement: NO
Is Generated Column: YES
Database Name: sakila
Table Name: film
Column Name: film_id
Data Type: 5
Type Name: SMALLINT UNSIGNED
Column Size: 5
Remarks: 
Column Definition: null
Ordinal Position: 1
Is Autoincrement: YES
Is Generated Column: NO
Column Name: title
Data Type: 12
Type Name: VARCHAR
Column Size: 128
Remarks: 
Column Definition: null
Ordinal Position: 2
Is Autoincrement: NO
Is Generated Column: NO
Column Name: description
Data Type: -1
Type Name: TEXT
Column Size: 65535
Remarks: 
Column Definition: null
Ordinal Position: 3
Is Autoincrement: NO
Is Generated Column: NO
Column Name: release_year
Data Type: 91
Type Name: YEAR
Column Size: 4
Remarks: 
Column Definition: null
Ordinal Position: 4
Is Autoincrement: NO
Is Generated Column: NO
Column Name: language_id
Data Type: -6
Type Name: TINYINT UNSIGNED
Column Size: 3
Remarks: 
Column Definition: null
Ordinal Position: 5
Is Autoincrement: NO
Is Generated Column: NO
Column Name: original_language_id
Data Type: -6
Type Name: TINYINT UNSIGNED
Column Size: 3
Remarks: 
Column Definition: null
Ordinal Position: 6
Is Autoincrement: NO
Is Generated Column: NO
Column Name: rental_duration
Data Type: -6
Type Name: TINYINT UNSIGNED
Column Size: 3
Remarks: 
Column Definition: 3
Ordinal Position: 7
Is Autoincrement: NO
Is Generated Column: NO
Column Name: rental_rate
Data Type: 3
Type Name: DECIMAL
Column Size: 4
Remarks: 
Column Definition: 4.99
Ordinal Position: 8
Is Autoincrement: NO
Is Generated Column: NO
Column Name: length
Data Type: 5
Type Name: SMALLINT UNSIGNED
Column Size: 5
Remarks: 
Column Definition: null
Ordinal Position: 9
Is Autoincrement: NO
Is Generated Column: NO
Column Name: replacement_cost
Data Type: 3
Type Name: DECIMAL
Column Size: 5
Remarks: 
Column Definition: 19.99
Ordinal Position: 10
Is Autoincrement: NO
Is Generated Column: NO
Column Name: rating
Data Type: 1
Type Name: ENUM
Column Size: 5
Remarks: 
Column Definition: G
Ordinal Position: 11
Is Autoincrement: NO
Is Generated Column: NO
Column Name: special_features
Data Type: 1
Type Name: SET
Column Size: 54
Remarks: 
Column Definition: null
Ordinal Position: 12
Is Autoincrement: NO
Is Generated Column: NO
Column Name: last_update
Data Type: 93
Type Name: TIMESTAMP
Column Size: 19
Remarks: 
Column Definition: CURRENT_TIMESTAMP
Ordinal Position: 13
Is Autoincrement: NO
Is Generated Column: YES
Number of columns: 13
Executing
Column Name: film_id
Data Type: 5
Type Name: SMALLINT UNSIGNED
Column Size: 5
Remarks: 
Column Definition: null
Ordinal Position: 1
Is Autoincrement: YES
Is Generated Column: NO
Executing
Column Name: title
Data Type: 12
Type Name: VARCHAR
Column Size: 128
Remarks: 
Column Definition: null
Ordinal Position: 2
Is Autoincrement: NO
Is Generated Column: NO
Executing
Column Name: description
Data Type: -1
Type Name: TEXT
Column Size: 65535
Remarks: 
Column Definition: null
Ordinal Position: 3
Is Autoincrement: NO
Is Generated Column: NO
Executing
Column Name: release_year
Data Type: 91
Type Name: YEAR
Column Size: 4
Remarks: 
Column Definition: null
Ordinal Position: 4
Is Autoincrement: NO
Is Generated Column: NO
Executing
Column Name: language_id
Data Type: -6
Type Name: TINYINT UNSIGNED
Column Size: 3
Remarks: 
Column Definition: null
Ordinal Position: 5
Is Autoincrement: NO
Is Generated Column: NO
Executing
Column Name: original_language_id
Data Type: -6
Type Name: TINYINT UNSIGNED
Column Size: 3
Remarks: 
Column Definition: null
Ordinal Position: 6
Is Autoincrement: NO
Is Generated Column: NO
Executing
Column Name: rental_duration
Data Type: -6
Type Name: TINYINT UNSIGNED
Column Size: 3
Remarks: 
Column Definition: 3
Ordinal Position: 7
Is Autoincrement: NO
Is Generated Column: NO
Executing
Column Name: rental_rate
Data Type: 3
Type Name: DECIMAL
Column Size: 4
Remarks: 
Column Definition: 4.99
Ordinal Position: 8
Is Autoincrement: NO
Is Generated Column: NO
Executing
Column Name: length
Data Type: 5
Type Name: SMALLINT UNSIGNED
Column Size: 5
Remarks: 
Column Definition: null
Ordinal Position: 9
Is Autoincrement: NO
Is Generated Column: NO
Executing
Column Name: replacement_cost
Data Type: 3
Type Name: DECIMAL
Column Size: 5
Remarks: 
Column Definition: 19.99
Ordinal Position: 10
Is Autoincrement: NO
Is Generated Column: NO
Executing
Column Name: rating
Data Type: 1
Type Name: ENUM
Column Size: 5
Remarks: 
Column Definition: G
Ordinal Position: 11
Is Autoincrement: NO
Is Generated Column: NO
Executing
Column Name: special_features
Data Type: 1
Type Name: SET
Column Size: 54
Remarks: 
Column Definition: null
Ordinal Position: 12
Is Autoincrement: NO
Is Generated Column: NO
Executing
Column Name: last_update
Data Type: 93
Type Name: TIMESTAMP
Column Size: 19
Remarks: 
Column Definition: CURRENT_TIMESTAMP
Ordinal Position: 13
Is Autoincrement: NO
Is Generated Column: YES
Database Name: sakila
Table Name: film_actor
Column Name: actor_id
Data Type: 5
Type Name: SMALLINT UNSIGNED
Column Size: 5
Remarks: 
Column Definition: null
Ordinal Position: 1
Is Autoincrement: NO
Is Generated Column: NO
Column Name: film_id
Data Type: 5
Type Name: SMALLINT UNSIGNED
Column Size: 5
Remarks: 
Column Definition: null
Ordinal Position: 2
Is Autoincrement: NO
Is Generated Column: NO
Column Name: last_update
Data Type: 93
Type Name: TIMESTAMP
Column Size: 19
Remarks: 
Column Definition: CURRENT_TIMESTAMP
Ordinal Position: 3
Is Autoincrement: NO
Is Generated Column: YES
Number of columns: 3
Executing
Column Name: actor_id
Data Type: 5
Type Name: SMALLINT UNSIGNED
Column Size: 5
Remarks: 
Column Definition: null
Ordinal Position: 1
Is Autoincrement: NO
Is Generated Column: NO
Executing
Column Name: film_id
Data Type: 5
Type Name: SMALLINT UNSIGNED
Column Size: 5
Remarks: 
Column Definition: null
Ordinal Position: 2
Is Autoincrement: NO
Is Generated Column: NO
Executing
Column Name: last_update
Data Type: 93
Type Name: TIMESTAMP
Column Size: 19
Remarks: 
Column Definition: CURRENT_TIMESTAMP
Ordinal Position: 3
Is Autoincrement: NO
Is Generated Column: YES
Database Name: sakila
Table Name: film_category
Column Name: film_id
Data Type: 5
Type Name: SMALLINT UNSIGNED
Column Size: 5
Remarks: 
Column Definition: null
Ordinal Position: 1
Is Autoincrement: NO
Is Generated Column: NO
Column Name: category_id
Data Type: -6
Type Name: TINYINT UNSIGNED
Column Size: 3
Remarks: 
Column Definition: null
Ordinal Position: 2
Is Autoincrement: NO
Is Generated Column: NO
Column Name: last_update
Data Type: 93
Type Name: TIMESTAMP
Column Size: 19
Remarks: 
Column Definition: CURRENT_TIMESTAMP
Ordinal Position: 3
Is Autoincrement: NO
Is Generated Column: YES
Number of columns: 3
Executing
Column Name: film_id
Data Type: 5
Type Name: SMALLINT UNSIGNED
Column Size: 5
Remarks: 
Column Definition: null
Ordinal Position: 1
Is Autoincrement: NO
Is Generated Column: NO
Executing
Column Name: category_id
Data Type: -6
Type Name: TINYINT UNSIGNED
Column Size: 3
Remarks: 
Column Definition: null
Ordinal Position: 2
Is Autoincrement: NO
Is Generated Column: NO
Executing
Column Name: last_update
Data Type: 93
Type Name: TIMESTAMP
Column Size: 19
Remarks: 
Column Definition: CURRENT_TIMESTAMP
Ordinal Position: 3
Is Autoincrement: NO
Is Generated Column: YES
Database Name: sakila
Table Name: film_text
Column Name: film_id
Data Type: 5
Type Name: SMALLINT
Column Size: 5
Remarks: 
Column Definition: null
Ordinal Position: 1
Is Autoincrement: NO
Is Generated Column: NO
Column Name: title
Data Type: 12
Type Name: VARCHAR
Column Size: 255
Remarks: 
Column Definition: null
Ordinal Position: 2
Is Autoincrement: NO
Is Generated Column: NO
Column Name: description
Data Type: -1
Type Name: TEXT
Column Size: 65535
Remarks: 
Column Definition: null
Ordinal Position: 3
Is Autoincrement: NO
Is Generated Column: NO
Number of columns: 3
Executing
Column Name: film_id
Data Type: 5
Type Name: SMALLINT
Column Size: 5
Remarks: 
Column Definition: null
Ordinal Position: 1
Is Autoincrement: NO
Is Generated Column: NO
Executing
Column Name: title
Data Type: 12
Type Name: VARCHAR
Column Size: 255
Remarks: 
Column Definition: null
Ordinal Position: 2
Is Autoincrement: NO
Is Generated Column: NO
Executing
Column Name: description
Data Type: -1
Type Name: TEXT
Column Size: 65535
Remarks: 
Column Definition: null
Ordinal Position: 3
Is Autoincrement: NO
Is Generated Column: NO
Database Name: sakila
Table Name: inventory
Column Name: inventory_id
Data Type: 4
Type Name: MEDIUMINT UNSIGNED
Column Size: 8
Remarks: 
Column Definition: null
Ordinal Position: 1
Is Autoincrement: YES
Is Generated Column: NO
Column Name: film_id
Data Type: 5
Type Name: SMALLINT UNSIGNED
Column Size: 5
Remarks: 
Column Definition: null
Ordinal Position: 2
Is Autoincrement: NO
Is Generated Column: NO
Column Name: store_id
Data Type: -6
Type Name: TINYINT UNSIGNED
Column Size: 3
Remarks: 
Column Definition: null
Ordinal Position: 3
Is Autoincrement: NO
Is Generated Column: NO
Column Name: last_update
Data Type: 93
Type Name: TIMESTAMP
Column Size: 19
Remarks: 
Column Definition: CURRENT_TIMESTAMP
Ordinal Position: 4
Is Autoincrement: NO
Is Generated Column: YES
Number of columns: 4
Executing
Column Name: inventory_id
Data Type: 4
Type Name: MEDIUMINT UNSIGNED
Column Size: 8
Remarks: 
Column Definition: null
Ordinal Position: 1
Is Autoincrement: YES
Is Generated Column: NO
Executing
Column Name: film_id
Data Type: 5
Type Name: SMALLINT UNSIGNED
Column Size: 5
Remarks: 
Column Definition: null
Ordinal Position: 2
Is Autoincrement: NO
Is Generated Column: NO
Executing
Column Name: store_id
Data Type: -6
Type Name: TINYINT UNSIGNED
Column Size: 3
Remarks: 
Column Definition: null
Ordinal Position: 3
Is Autoincrement: NO
Is Generated Column: NO
Executing
Column Name: last_update
Data Type: 93
Type Name: TIMESTAMP
Column Size: 19
Remarks: 
Column Definition: CURRENT_TIMESTAMP
Ordinal Position: 4
Is Autoincrement: NO
Is Generated Column: YES
Database Name: sakila
Table Name: language
Column Name: language_id
Data Type: -6
Type Name: TINYINT UNSIGNED
Column Size: 3
Remarks: 
Column Definition: null
Ordinal Position: 1
Is Autoincrement: YES
Is Generated Column: NO
Column Name: name
Data Type: 1
Type Name: CHAR
Column Size: 20
Remarks: 
Column Definition: null
Ordinal Position: 2
Is Autoincrement: NO
Is Generated Column: NO
Column Name: last_update
Data Type: 93
Type Name: TIMESTAMP
Column Size: 19
Remarks: 
Column Definition: CURRENT_TIMESTAMP
Ordinal Position: 3
Is Autoincrement: NO
Is Generated Column: YES
Number of columns: 3
Executing
Column Name: language_id
Data Type: -6
Type Name: TINYINT UNSIGNED
Column Size: 3
Remarks: 
Column Definition: null
Ordinal Position: 1
Is Autoincrement: YES
Is Generated Column: NO
Executing
Column Name: name
Data Type: 1
Type Name: CHAR
Column Size: 20
Remarks: 
Column Definition: null
Ordinal Position: 2
Is Autoincrement: NO
Is Generated Column: NO
Executing
Column Name: last_update
Data Type: 93
Type Name: TIMESTAMP
Column Size: 19
Remarks: 
Column Definition: CURRENT_TIMESTAMP
Ordinal Position: 3
Is Autoincrement: NO
Is Generated Column: YES
Database Name: sakila
Table Name: payment
Column Name: payment_id
Data Type: 5
Type Name: SMALLINT UNSIGNED
Column Size: 5
Remarks: 
Column Definition: null
Ordinal Position: 1
Is Autoincrement: YES
Is Generated Column: NO
Column Name: customer_id
Data Type: 5
Type Name: SMALLINT UNSIGNED
Column Size: 5
Remarks: 
Column Definition: null
Ordinal Position: 2
Is Autoincrement: NO
Is Generated Column: NO
Column Name: staff_id
Data Type: -6
Type Name: TINYINT UNSIGNED
Column Size: 3
Remarks: 
Column Definition: null
Ordinal Position: 3
Is Autoincrement: NO
Is Generated Column: NO
Column Name: rental_id
Data Type: 4
Type Name: INT
Column Size: 10
Remarks: 
Column Definition: null
Ordinal Position: 4
Is Autoincrement: NO
Is Generated Column: NO
Column Name: amount
Data Type: 3
Type Name: DECIMAL
Column Size: 5
Remarks: 
Column Definition: null
Ordinal Position: 5
Is Autoincrement: NO
Is Generated Column: NO
Column Name: payment_date
Data Type: 93
Type Name: DATETIME
Column Size: 19
Remarks: 
Column Definition: null
Ordinal Position: 6
Is Autoincrement: NO
Is Generated Column: NO
Column Name: last_update
Data Type: 93
Type Name: TIMESTAMP
Column Size: 19
Remarks: 
Column Definition: CURRENT_TIMESTAMP
Ordinal Position: 7
Is Autoincrement: NO
Is Generated Column: YES
Number of columns: 7
Executing
Column Name: payment_id
Data Type: 5
Type Name: SMALLINT UNSIGNED
Column Size: 5
Remarks: 
Column Definition: null
Ordinal Position: 1
Is Autoincrement: YES
Is Generated Column: NO
Executing
Column Name: customer_id
Data Type: 5
Type Name: SMALLINT UNSIGNED
Column Size: 5
Remarks: 
Column Definition: null
Ordinal Position: 2
Is Autoincrement: NO
Is Generated Column: NO
Executing
Column Name: staff_id
Data Type: -6
Type Name: TINYINT UNSIGNED
Column Size: 3
Remarks: 
Column Definition: null
Ordinal Position: 3
Is Autoincrement: NO
Is Generated Column: NO
Executing
Column Name: rental_id
Data Type: 4
Type Name: INT
Column Size: 10
Remarks: 
Column Definition: null
Ordinal Position: 4
Is Autoincrement: NO
Is Generated Column: NO
Executing
Column Name: amount
Data Type: 3
Type Name: DECIMAL
Column Size: 5
Remarks: 
Column Definition: null
Ordinal Position: 5
Is Autoincrement: NO
Is Generated Column: NO
Executing
Column Name: payment_date
Data Type: 93
Type Name: DATETIME
Column Size: 19
Remarks: 
Column Definition: null
Ordinal Position: 6
Is Autoincrement: NO
Is Generated Column: NO
Executing
Column Name: last_update
Data Type: 93
Type Name: TIMESTAMP
Column Size: 19
Remarks: 
Column Definition: CURRENT_TIMESTAMP
Ordinal Position: 7
Is Autoincrement: NO
Is Generated Column: YES
Database Name: sakila
Table Name: rental
Column Name: rental_id
Data Type: 4
Type Name: INT
Column Size: 10
Remarks: 
Column Definition: null
Ordinal Position: 1
Is Autoincrement: YES
Is Generated Column: NO
Column Name: rental_date
Data Type: 93
Type Name: DATETIME
Column Size: 19
Remarks: 
Column Definition: null
Ordinal Position: 2
Is Autoincrement: NO
Is Generated Column: NO
Column Name: inventory_id
Data Type: 4
Type Name: MEDIUMINT UNSIGNED
Column Size: 8
Remarks: 
Column Definition: null
Ordinal Position: 3
Is Autoincrement: NO
Is Generated Column: NO
Column Name: customer_id
Data Type: 5
Type Name: SMALLINT UNSIGNED
Column Size: 5
Remarks: 
Column Definition: null
Ordinal Position: 4
Is Autoincrement: NO
Is Generated Column: NO
Column Name: return_date
Data Type: 93
Type Name: DATETIME
Column Size: 19
Remarks: 
Column Definition: null
Ordinal Position: 5
Is Autoincrement: NO
Is Generated Column: NO
Column Name: staff_id
Data Type: -6
Type Name: TINYINT UNSIGNED
Column Size: 3
Remarks: 
Column Definition: null
Ordinal Position: 6
Is Autoincrement: NO
Is Generated Column: NO
Column Name: last_update
Data Type: 93
Type Name: TIMESTAMP
Column Size: 19
Remarks: 
Column Definition: CURRENT_TIMESTAMP
Ordinal Position: 7
Is Autoincrement: NO
Is Generated Column: YES
Number of columns: 7
Executing
Column Name: rental_id
Data Type: 4
Type Name: INT
Column Size: 10
Remarks: 
Column Definition: null
Ordinal Position: 1
Is Autoincrement: YES
Is Generated Column: NO
Executing
Column Name: rental_date
Data Type: 93
Type Name: DATETIME
Column Size: 19
Remarks: 
Column Definition: null
Ordinal Position: 2
Is Autoincrement: NO
Is Generated Column: NO
Executing
Column Name: inventory_id
Data Type: 4
Type Name: MEDIUMINT UNSIGNED
Column Size: 8
Remarks: 
Column Definition: null
Ordinal Position: 3
Is Autoincrement: NO
Is Generated Column: NO
Executing
Column Name: customer_id
Data Type: 5
Type Name: SMALLINT UNSIGNED
Column Size: 5
Remarks: 
Column Definition: null
Ordinal Position: 4
Is Autoincrement: NO
Is Generated Column: NO
Executing
Column Name: return_date
Data Type: 93
Type Name: DATETIME
Column Size: 19
Remarks: 
Column Definition: null
Ordinal Position: 5
Is Autoincrement: NO
Is Generated Column: NO
Executing
Column Name: staff_id
Data Type: -6
Type Name: TINYINT UNSIGNED
Column Size: 3
Remarks: 
Column Definition: null
Ordinal Position: 6
Is Autoincrement: NO
Is Generated Column: NO
Executing
Column Name: last_update
Data Type: 93
Type Name: TIMESTAMP
Column Size: 19
Remarks: 
Column Definition: CURRENT_TIMESTAMP
Ordinal Position: 7
Is Autoincrement: NO
Is Generated Column: YES
Database Name: sakila
Table Name: staff
Column Name: staff_id
Data Type: -6
Type Name: TINYINT UNSIGNED
Column Size: 3
Remarks: 
Column Definition: null
Ordinal Position: 1
Is Autoincrement: YES
Is Generated Column: NO
Column Name: first_name
Data Type: 12
Type Name: VARCHAR
Column Size: 45
Remarks: 
Column Definition: null
Ordinal Position: 2
Is Autoincrement: NO
Is Generated Column: NO
Column Name: last_name
Data Type: 12
Type Name: VARCHAR
Column Size: 45
Remarks: 
Column Definition: null
Ordinal Position: 3
Is Autoincrement: NO
Is Generated Column: NO
Column Name: address_id
Data Type: 5
Type Name: SMALLINT UNSIGNED
Column Size: 5
Remarks: 
Column Definition: null
Ordinal Position: 4
Is Autoincrement: NO
Is Generated Column: NO
Column Name: picture
Data Type: -4
Type Name: BLOB
Column Size: 65535
Remarks: 
Column Definition: null
Ordinal Position: 5
Is Autoincrement: NO
Is Generated Column: NO
Column Name: email
Data Type: 12
Type Name: VARCHAR
Column Size: 50
Remarks: 
Column Definition: null
Ordinal Position: 6
Is Autoincrement: NO
Is Generated Column: NO
Column Name: store_id
Data Type: -6
Type Name: TINYINT UNSIGNED
Column Size: 3
Remarks: 
Column Definition: null
Ordinal Position: 7
Is Autoincrement: NO
Is Generated Column: NO
Column Name: active
Data Type: -7
Type Name: BIT
Column Size: 1
Remarks: 
Column Definition: 1
Ordinal Position: 8
Is Autoincrement: NO
Is Generated Column: NO
Column Name: username
Data Type: 12
Type Name: VARCHAR
Column Size: 16
Remarks: 
Column Definition: null
Ordinal Position: 9
Is Autoincrement: NO
Is Generated Column: NO
Column Name: password
Data Type: 12
Type Name: VARCHAR
Column Size: 40
Remarks: 
Column Definition: null
Ordinal Position: 10
Is Autoincrement: NO
Is Generated Column: NO
Column Name: last_update
Data Type: 93
Type Name: TIMESTAMP
Column Size: 19
Remarks: 
Column Definition: CURRENT_TIMESTAMP
Ordinal Position: 11
Is Autoincrement: NO
Is Generated Column: YES
Number of columns: 11
Executing
Column Name: staff_id
Data Type: -6
Type Name: TINYINT UNSIGNED
Column Size: 3
Remarks: 
Column Definition: null
Ordinal Position: 1
Is Autoincrement: YES
Is Generated Column: NO
Executing
Column Name: first_name
Data Type: 12
Type Name: VARCHAR
Column Size: 45
Remarks: 
Column Definition: null
Ordinal Position: 2
Is Autoincrement: NO
Is Generated Column: NO
Executing
Column Name: last_name
Data Type: 12
Type Name: VARCHAR
Column Size: 45
Remarks: 
Column Definition: null
Ordinal Position: 3
Is Autoincrement: NO
Is Generated Column: NO
Executing
Column Name: address_id
Data Type: 5
Type Name: SMALLINT UNSIGNED
Column Size: 5
Remarks: 
Column Definition: null
Ordinal Position: 4
Is Autoincrement: NO
Is Generated Column: NO
Executing
Column Name: picture
Data Type: -4
Type Name: BLOB
Column Size: 65535
Remarks: 
Column Definition: null
Ordinal Position: 5
Is Autoincrement: NO
Is Generated Column: NO
Executing
Column Name: email
Data Type: 12
Type Name: VARCHAR
Column Size: 50
Remarks: 
Column Definition: null
Ordinal Position: 6
Is Autoincrement: NO
Is Generated Column: NO
Executing
Column Name: store_id
Data Type: -6
Type Name: TINYINT UNSIGNED
Column Size: 3
Remarks: 
Column Definition: null
Ordinal Position: 7
Is Autoincrement: NO
Is Generated Column: NO
Executing
Column Name: active
Data Type: -7
Type Name: BIT
Column Size: 1
Remarks: 
Column Definition: 1
Ordinal Position: 8
Is Autoincrement: NO
Is Generated Column: NO
Executing
Column Name: username
Data Type: 12
Type Name: VARCHAR
Column Size: 16
Remarks: 
Column Definition: null
Ordinal Position: 9
Is Autoincrement: NO
Is Generated Column: NO
Executing
Column Name: password
Data Type: 12
Type Name: VARCHAR
Column Size: 40
Remarks: 
Column Definition: null
Ordinal Position: 10
Is Autoincrement: NO
Is Generated Column: NO
Executing
Column Name: last_update
Data Type: 93
Type Name: TIMESTAMP
Column Size: 19
Remarks: 
Column Definition: CURRENT_TIMESTAMP
Ordinal Position: 11
Is Autoincrement: NO
Is Generated Column: YES
Database Name: sakila
Table Name: store
Column Name: store_id
Data Type: -6
Type Name: TINYINT UNSIGNED
Column Size: 3
Remarks: 
Column Definition: null
Ordinal Position: 1
Is Autoincrement: YES
Is Generated Column: NO
Column Name: manager_staff_id
Data Type: -6
Type Name: TINYINT UNSIGNED
Column Size: 3
Remarks: 
Column Definition: null
Ordinal Position: 2
Is Autoincrement: NO
Is Generated Column: NO
Column Name: address_id
Data Type: 5
Type Name: SMALLINT UNSIGNED
Column Size: 5
Remarks: 
Column Definition: null
Ordinal Position: 3
Is Autoincrement: NO
Is Generated Column: NO
Column Name: last_update
Data Type: 93
Type Name: TIMESTAMP
Column Size: 19
Remarks: 
Column Definition: CURRENT_TIMESTAMP
Ordinal Position: 4
Is Autoincrement: NO
Is Generated Column: YES
Number of columns: 4
Executing
Column Name: store_id
Data Type: -6
Type Name: TINYINT UNSIGNED
Column Size: 3
Remarks: 
Column Definition: null
Ordinal Position: 1
Is Autoincrement: YES
Is Generated Column: NO
Executing
Column Name: manager_staff_id
Data Type: -6
Type Name: TINYINT UNSIGNED
Column Size: 3
Remarks: 
Column Definition: null
Ordinal Position: 2
Is Autoincrement: NO
Is Generated Column: NO
Executing
Column Name: address_id
Data Type: 5
Type Name: SMALLINT UNSIGNED
Column Size: 5
Remarks: 
Column Definition: null
Ordinal Position: 3
Is Autoincrement: NO
Is Generated Column: NO
Executing
Column Name: last_update
Data Type: 93
Type Name: TIMESTAMP
Column Size: 19
Remarks: 
Column Definition: CURRENT_TIMESTAMP
Ordinal Position: 4
Is Autoincrement: NO
Is Generated Column: YES
Database Name: sakila
Table Name: testtable
Column Name: id
Data Type: 4
Type Name: INT
Column Size: 10
Remarks: 
Column Definition: null
Ordinal Position: 1
Is Autoincrement: YES
Is Generated Column: NO
Column Name: text
Data Type: 12
Type Name: VARCHAR
Column Size: 255
Remarks: 
Column Definition: null
Ordinal Position: 2
Is Autoincrement: NO
Is Generated Column: NO
Number of columns: 2
Executing
Column Name: id
Data Type: 4
Type Name: INT
Column Size: 10
Remarks: 
Column Definition: null
Ordinal Position: 1
Is Autoincrement: YES
Is Generated Column: NO
Executing
Column Name: text
Data Type: 12
Type Name: VARCHAR
Column Size: 255
Remarks: 
Column Definition: null
Ordinal Position: 2
Is Autoincrement: NO
Is Generated Column: NO
Database Name: transtest
Table Name: com.security.academicinternshipproject.SQLTableInfo@301ec38b
Database Name: transtest
Table Name: concurrency_test
Column Name: cid
Data Type: 4
Type Name: INT
Column Size: 10
Remarks: 
Column Definition: null
Ordinal Position: 1
Is Autoincrement: NO
Is Generated Column: NO
Column Name: cdesc
Data Type: 12
Type Name: VARCHAR
Column Size: 50
Remarks: 
Column Definition: null
Ordinal Position: 2
Is Autoincrement: NO
Is Generated Column: NO
Number of columns: 2
Executing
Column Name: cid
Data Type: 4
Type Name: INT
Column Size: 10
Remarks: 
Column Definition: null
Ordinal Position: 1
Is Autoincrement: NO
Is Generated Column: NO
Executing
Column Name: cdesc
Data Type: 12
Type Name: VARCHAR
Column Size: 50
Remarks: 
Column Definition: null
Ordinal Position: 2
Is Autoincrement: NO
Is Generated Column: NO
Database Name: video_store
Table Name: com.security.academicinternshipproject.SQLTableInfo@17a1e4ca
Table Name: com.security.academicinternshipproject.SQLTableInfo@10ded6a9
Table Name: com.security.academicinternshipproject.SQLTableInfo@c5dc4a2
Database Name: video_store
Table Name: customer
Column Name: cust_id
Data Type: 4
Type Name: INT
Column Size: 10
Remarks: 
Column Definition: null
Ordinal Position: 1
Is Autoincrement: NO
Is Generated Column: NO
Column Name: name
Data Type: 12
Type Name: VARCHAR
Column Size: 45
Remarks: 
Column Definition: null
Ordinal Position: 2
Is Autoincrement: NO
Is Generated Column: NO
Column Name: DOB
Data Type: 12
Type Name: VARCHAR
Column Size: 45
Remarks: 
Column Definition: null
Ordinal Position: 3
Is Autoincrement: NO
Is Generated Column: NO
Column Name: address
Data Type: 12
Type Name: VARCHAR
Column Size: 255
Remarks: 
Column Definition: null
Ordinal Position: 4
Is Autoincrement: NO
Is Generated Column: NO
Number of columns: 4
Executing
Column Name: cust_id
Data Type: 4
Type Name: INT
Column Size: 10
Remarks: 
Column Definition: null
Ordinal Position: 1
Is Autoincrement: NO
Is Generated Column: NO
Executing
Column Name: name
Data Type: 12
Type Name: VARCHAR
Column Size: 45
Remarks: 
Column Definition: null
Ordinal Position: 2
Is Autoincrement: NO
Is Generated Column: NO
Executing
Column Name: DOB
Data Type: 12
Type Name: VARCHAR
Column Size: 45
Remarks: 
Column Definition: null
Ordinal Position: 3
Is Autoincrement: NO
Is Generated Column: NO
Executing
Column Name: address
Data Type: 12
Type Name: VARCHAR
Column Size: 255
Remarks: 
Column Definition: null
Ordinal Position: 4
Is Autoincrement: NO
Is Generated Column: NO
Database Name: video_store
Table Name: movie
Column Name: movie_id
Data Type: 4
Type Name: INT
Column Size: 10
Remarks: 
Column Definition: null
Ordinal Position: 1
Is Autoincrement: NO
Is Generated Column: NO
Column Name: title
Data Type: 12
Type Name: VARCHAR
Column Size: 255
Remarks: 
Column Definition: null
Ordinal Position: 2
Is Autoincrement: NO
Is Generated Column: NO
Column Name: release
Data Type: 12
Type Name: VARCHAR
Column Size: 45
Remarks: 
Column Definition: null
Ordinal Position: 3
Is Autoincrement: NO
Is Generated Column: NO
Column Name: rating
Data Type: 12
Type Name: VARCHAR
Column Size: 45
Remarks: 
Column Definition: null
Ordinal Position: 4
Is Autoincrement: NO
Is Generated Column: NO
Column Name: genre
Data Type: 12
Type Name: VARCHAR
Column Size: 45
Remarks: 
Column Definition: null
Ordinal Position: 5
Is Autoincrement: NO
Is Generated Column: NO
Number of columns: 5
Executing
Column Name: movie_id
Data Type: 4
Type Name: INT
Column Size: 10
Remarks: 
Column Definition: null
Ordinal Position: 1
Is Autoincrement: NO
Is Generated Column: NO
Executing
Column Name: title
Data Type: 12
Type Name: VARCHAR
Column Size: 255
Remarks: 
Column Definition: null
Ordinal Position: 2
Is Autoincrement: NO
Is Generated Column: NO
Executing
Column Name: release
Data Type: 12
Type Name: VARCHAR
Column Size: 45
Remarks: 
Column Definition: null
Ordinal Position: 3
Is Autoincrement: NO
Is Generated Column: NO
Executing
Column Name: rating
Data Type: 12
Type Name: VARCHAR
Column Size: 45
Remarks: 
Column Definition: null
Ordinal Position: 4
Is Autoincrement: NO
Is Generated Column: NO
Executing
Column Name: genre
Data Type: 12
Type Name: VARCHAR
Column Size: 45
Remarks: 
Column Definition: null
Ordinal Position: 5
Is Autoincrement: NO
Is Generated Column: NO
Database Name: video_store
Table Name: rental
Column Name: rental_id
Data Type: 4
Type Name: INT
Column Size: 10
Remarks: 
Column Definition: null
Ordinal Position: 1
Is Autoincrement: NO
Is Generated Column: NO
Column Name: cust_id
Data Type: 4
Type Name: INT
Column Size: 10
Remarks: 
Column Definition: null
Ordinal Position: 2
Is Autoincrement: NO
Is Generated Column: NO
Column Name: movie_id
Data Type: 4
Type Name: INT
Column Size: 10
Remarks: 
Column Definition: null
Ordinal Position: 3
Is Autoincrement: NO
Is Generated Column: NO
Column Name: cost
Data Type: 4
Type Name: INT
Column Size: 10
Remarks: 
Column Definition: null
Ordinal Position: 4
Is Autoincrement: NO
Is Generated Column: NO
Column Name: rent_start_date
Data Type: 91
Type Name: DATE
Column Size: 10
Remarks: 
Column Definition: null
Ordinal Position: 5
Is Autoincrement: NO
Is Generated Column: NO
Column Name: rent_end_date
Data Type: 91
Type Name: DATE
Column Size: 10
Remarks: 
Column Definition: null
Ordinal Position: 6
Is Autoincrement: NO
Is Generated Column: NO
Number of columns: 6
Executing
Column Name: rental_id
Data Type: 4
Type Name: INT
Column Size: 10
Remarks: 
Column Definition: null
Ordinal Position: 1
Is Autoincrement: NO
Is Generated Column: NO
Executing
Column Name: cust_id
Data Type: 4
Type Name: INT
Column Size: 10
Remarks: 
Column Definition: null
Ordinal Position: 2
Is Autoincrement: NO
Is Generated Column: NO
Executing
Column Name: movie_id
Data Type: 4
Type Name: INT
Column Size: 10
Remarks: 
Column Definition: null
Ordinal Position: 3
Is Autoincrement: NO
Is Generated Column: NO
Executing
Column Name: cost
Data Type: 4
Type Name: INT
Column Size: 10
Remarks: 
Column Definition: null
Ordinal Position: 4
Is Autoincrement: NO
Is Generated Column: NO
Executing
Column Name: rent_start_date
Data Type: 91
Type Name: DATE
Column Size: 10
Remarks: 
Column Definition: null
Ordinal Position: 5
Is Autoincrement: NO
Is Generated Column: NO
Executing
Column Name: rent_end_date
Data Type: 91
Type Name: DATE
Column Size: 10
Remarks: 
Column Definition: null
Ordinal Position: 6
Is Autoincrement: NO
Is Generated Column: NO
]]></system-out>
  </testcase>
  <testcase name="testBadStatement" classname="SQLUpdateTest" time="0.352">
    <system-out><![CDATA[Connection failure.
]]></system-out>
    <system-err><![CDATA[com.mysql.cj.jdbc.exceptions.MysqlDataTruncation: Data truncation: Data too long for column 'text' at row 1
	at com.mysql.cj.jdbc.exceptions.SQLExceptionsMapping.translateException(SQLExceptionsMapping.java:96)
	at com.mysql.cj.jdbc.StatementImpl.executeUpdateInternal(StatementImpl.java:1506)
	at com.mysql.cj.jdbc.StatementImpl.executeLargeUpdate(StatementImpl.java:2303)
	at com.mysql.cj.jdbc.StatementImpl.executeUpdate(StatementImpl.java:1376)
	at com.security.academicinternshipproject.MySQLConnector.<init>(MySQLConnector.java:68)
	at SQLUpdateTest.lambda$testBadStatement$0(SQLUpdateTest.java:40)
	at org.junit.jupiter.api.AssertThrows.assertThrows(AssertThrows.java:53)
	at org.junit.jupiter.api.AssertThrows.assertThrows(AssertThrows.java:39)
	at org.junit.jupiter.api.Assertions.assertThrows(Assertions.java:3131)
	at SQLUpdateTest.testBadStatement(SQLUpdateTest.java:27)
	at java.base/jdk.internal.reflect.DirectMethodHandleAccessor.invoke(DirectMethodHandleAccessor.java:103)
	at java.base/java.lang.reflect.Method.invoke(Method.java:580)
	at org.junit.platform.commons.util.ReflectionUtils.invokeMethod(ReflectionUtils.java:728)
	at org.junit.jupiter.engine.execution.MethodInvocation.proceed(MethodInvocation.java:60)
	at org.junit.jupiter.engine.execution.InvocationInterceptorChain$ValidatingInvocation.proceed(InvocationInterceptorChain.java:131)
	at org.junit.jupiter.engine.extension.TimeoutExtension.intercept(TimeoutExtension.java:156)
	at org.junit.jupiter.engine.extension.TimeoutExtension.interceptTestableMethod(TimeoutExtension.java:147)
	at org.junit.jupiter.engine.extension.TimeoutExtension.interceptTestMethod(TimeoutExtension.java:86)
	at org.junit.jupiter.engine.execution.InterceptingExecutableInvoker$ReflectiveInterceptorCall.lambda$ofVoidMethod$0(InterceptingExecutableInvoker.java:103)
	at org.junit.jupiter.engine.execution.InterceptingExecutableInvoker.lambda$invoke$0(InterceptingExecutableInvoker.java:93)
	at org.junit.jupiter.engine.execution.InvocationInterceptorChain$InterceptedInvocation.proceed(InvocationInterceptorChain.java:106)
	at org.junit.jupiter.engine.execution.InvocationInterceptorChain.proceed(InvocationInterceptorChain.java:64)
	at org.junit.jupiter.engine.execution.InvocationInterceptorChain.chainAndInvoke(InvocationInterceptorChain.java:45)
	at org.junit.jupiter.engine.execution.InvocationInterceptorChain.invoke(InvocationInterceptorChain.java:37)
	at org.junit.jupiter.engine.execution.InterceptingExecutableInvoker.invoke(InterceptingExecutableInvoker.java:92)
	at org.junit.jupiter.engine.execution.InterceptingExecutableInvoker.invoke(InterceptingExecutableInvoker.java:86)
	at org.junit.jupiter.engine.descriptor.TestMethodTestDescriptor.lambda$invokeTestMethod$7(TestMethodTestDescriptor.java:218)
	at org.junit.platform.engine.support.hierarchical.ThrowableCollector.execute(ThrowableCollector.java:73)
	at org.junit.jupiter.engine.descriptor.TestMethodTestDescriptor.invokeTestMethod(TestMethodTestDescriptor.java:214)
	at org.junit.jupiter.engine.descriptor.TestMethodTestDescriptor.execute(TestMethodTestDescriptor.java:139)
	at org.junit.jupiter.engine.descriptor.TestMethodTestDescriptor.execute(TestMethodTestDescriptor.java:69)
	at org.junit.platform.engine.support.hierarchical.NodeTestTask.lambda$executeRecursively$6(NodeTestTask.java:151)
	at org.junit.platform.engine.support.hierarchical.ThrowableCollector.execute(ThrowableCollector.java:73)
	at org.junit.platform.engine.support.hierarchical.NodeTestTask.lambda$executeRecursively$8(NodeTestTask.java:141)
	at org.junit.platform.engine.support.hierarchical.Node.around(Node.java:137)
	at org.junit.platform.engine.support.hierarchical.NodeTestTask.lambda$executeRecursively$9(NodeTestTask.java:139)
	at org.junit.platform.engine.support.hierarchical.ThrowableCollector.execute(ThrowableCollector.java:73)
	at org.junit.platform.engine.support.hierarchical.NodeTestTask.executeRecursively(NodeTestTask.java:138)
	at org.junit.platform.engine.support.hierarchical.NodeTestTask.execute(NodeTestTask.java:95)
	at java.base/java.util.ArrayList.forEach(ArrayList.java:1597)
	at org.junit.platform.engine.support.hierarchical.SameThreadHierarchicalTestExecutorService.invokeAll(SameThreadHierarchicalTestExecutorService.java:41)
	at org.junit.platform.engine.support.hierarchical.NodeTestTask.lambda$executeRecursively$6(NodeTestTask.java:155)
	at org.junit.platform.engine.support.hierarchical.ThrowableCollector.execute(ThrowableCollector.java:73)
	at org.junit.platform.engine.support.hierarchical.NodeTestTask.lambda$executeRecursively$8(NodeTestTask.java:141)
	at org.junit.platform.engine.support.hierarchical.Node.around(Node.java:137)
	at org.junit.platform.engine.support.hierarchical.NodeTestTask.lambda$executeRecursively$9(NodeTestTask.java:139)
	at org.junit.platform.engine.support.hierarchical.ThrowableCollector.execute(ThrowableCollector.java:73)
	at org.junit.platform.engine.support.hierarchical.NodeTestTask.executeRecursively(NodeTestTask.java:138)
	at org.junit.platform.engine.support.hierarchical.NodeTestTask.execute(NodeTestTask.java:95)
	at java.base/java.util.ArrayList.forEach(ArrayList.java:1597)
	at org.junit.platform.engine.support.hierarchical.SameThreadHierarchicalTestExecutorService.invokeAll(SameThreadHierarchicalTestExecutorService.java:41)
	at org.junit.platform.engine.support.hierarchical.NodeTestTask.lambda$executeRecursively$6(NodeTestTask.java:155)
	at org.junit.platform.engine.support.hierarchical.ThrowableCollector.execute(ThrowableCollector.java:73)
	at org.junit.platform.engine.support.hierarchical.NodeTestTask.lambda$executeRecursively$8(NodeTestTask.java:141)
	at org.junit.platform.engine.support.hierarchical.Node.around(Node.java:137)
	at org.junit.platform.engine.support.hierarchical.NodeTestTask.lambda$executeRecursively$9(NodeTestTask.java:139)
	at org.junit.platform.engine.support.hierarchical.ThrowableCollector.execute(ThrowableCollector.java:73)
	at org.junit.platform.engine.support.hierarchical.NodeTestTask.executeRecursively(NodeTestTask.java:138)
	at org.junit.platform.engine.support.hierarchical.NodeTestTask.execute(NodeTestTask.java:95)
	at org.junit.platform.engine.support.hierarchical.SameThreadHierarchicalTestExecutorService.submit(SameThreadHierarchicalTestExecutorService.java:35)
	at org.junit.platform.engine.support.hierarchical.HierarchicalTestExecutor.execute(HierarchicalTestExecutor.java:57)
	at org.junit.platform.engine.support.hierarchical.HierarchicalTestEngine.execute(HierarchicalTestEngine.java:54)
	at org.junit.platform.launcher.core.EngineExecutionOrchestrator.execute(EngineExecutionOrchestrator.java:198)
	at org.junit.platform.launcher.core.EngineExecutionOrchestrator.execute(EngineExecutionOrchestrator.java:169)
	at org.junit.platform.launcher.core.EngineExecutionOrchestrator.execute(EngineExecutionOrchestrator.java:93)
	at org.junit.platform.launcher.core.EngineExecutionOrchestrator.lambda$execute$0(EngineExecutionOrchestrator.java:58)
	at org.junit.platform.launcher.core.EngineExecutionOrchestrator.withInterceptedStreams(EngineExecutionOrchestrator.java:141)
	at org.junit.platform.launcher.core.EngineExecutionOrchestrator.execute(EngineExecutionOrchestrator.java:57)
	at org.junit.platform.launcher.core.DefaultLauncher.execute(DefaultLauncher.java:103)
	at org.junit.platform.launcher.core.DefaultLauncher.execute(DefaultLauncher.java:85)
	at org.junit.platform.launcher.core.DelegatingLauncher.execute(DelegatingLauncher.java:47)
	at org.apache.maven.surefire.junitplatform.LazyLauncher.execute(LazyLauncher.java:56)
	at org.apache.maven.surefire.junitplatform.JUnitPlatformProvider.execute(JUnitPlatformProvider.java:184)
	at org.apache.maven.surefire.junitplatform.JUnitPlatformProvider.invokeAllTests(JUnitPlatformProvider.java:148)
	at org.apache.maven.surefire.junitplatform.JUnitPlatformProvider.invoke(JUnitPlatformProvider.java:122)
	at org.apache.maven.surefire.booter.ForkedBooter.runSuitesInProcess(ForkedBooter.java:385)
	at org.apache.maven.surefire.booter.ForkedBooter.execute(ForkedBooter.java:162)
	at org.apache.maven.surefire.booter.ForkedBooter.run(ForkedBooter.java:507)
	at org.apache.maven.surefire.booter.ForkedBooter.main(ForkedBooter.java:495)
]]></system-err>
  </testcase>
</testsuite>