<?xml version="1.0" encoding="UTF-8"?>
<testsuite xmlns:xsi="http://www.w3.org/2001/XMLSchema-instance" xsi:noNamespaceSchemaLocation="https://maven.apache.org/surefire/maven-surefire-plugin/xsd/surefire-test-report-3.0.xsd" version="3.0" name="AsynchronousGUITest" time="9.665" tests="1" errors="0" skipped="0" failures="0">
  <properties>
[...]
</properties>
  <testcase name="hello" classname="AsynchronousGUITest" time="9.297">
    <system-out><![CDATA[Loading:     100% |========================================|
Model Path: C:\Users\rokom\.djl.ai\cache\repo\model\nlp\sentiment_analysis\ai\djl\pytorch\distilbert\0.0.1\traced_distilbert_sst_english
 distilbert-base-uncased-finetuned-sst-2-english-vocab.txt
 traced_distilbert_sst_english.pt
Loading:     100% |========================================|
testPanel
1.0
0.033333335
3.0
Model Path: C:\Users\rokom\.djl.ai\cache\repo\model\nlp\sentiment_analysis\ai\djl\pytorch\distilbert\0.0.1\traced_distilbert_sst_english
 distilbert-base-uncased-finetuned-sst-2-english-vocab.txt
 traced_distilbert_sst_english.pt
Loading:     100% |========================================|
testPanel
2.0
0.06666667
6.0
Model Path: C:\Users\rokom\.djl.ai\cache\repo\model\nlp\sentiment_analysis\ai\djl\pytorch\distilbert\0.0.1\traced_distilbert_sst_english
 distilbert-base-uncased-finetuned-sst-2-english-vocab.txt
 traced_distilbert_sst_english.pt
Loading:     100% |========================================|
testPanel
3.0
0.1
10.0
Model Path: C:\Users\rokom\.djl.ai\cache\repo\model\nlp\sentiment_analysis\ai\djl\pytorch\distilbert\0.0.1\traced_distilbert_sst_english
 distilbert-base-uncased-finetuned-sst-2-english-vocab.txt
 traced_distilbert_sst_english.pt
Loading:     100% |========================================|
testPanel
4.0
0.13333334
13.0
Model Path: C:\Users\rokom\.djl.ai\cache\repo\model\nlp\sentiment_analysis\ai\djl\pytorch\distilbert\0.0.1\traced_distilbert_sst_english
 distilbert-base-uncased-finetuned-sst-2-english-vocab.txt
 traced_distilbert_sst_english.pt
Loading:     100% |========================================|
testPanel
5.0
0.16666667
16.0
Model Path: C:\Users\rokom\.djl.ai\cache\repo\model\nlp\sentiment_analysis\ai\djl\pytorch\distilbert\0.0.1\traced_distilbert_sst_english
 distilbert-base-uncased-finetuned-sst-2-english-vocab.txt
 traced_distilbert_sst_english.pt
Loading:     100% |========================================|
testPanel
6.0
0.2
20.0
Model Path: C:\Users\rokom\.djl.ai\cache\repo\model\nlp\sentiment_analysis\ai\djl\pytorch\distilbert\0.0.1\traced_distilbert_sst_english
 distilbert-base-uncased-finetuned-sst-2-english-vocab.txt
 traced_distilbert_sst_english.pt
Loading:     100% |========================================|
testPanel
7.0
0.23333333
23.0
Model Path: C:\Users\rokom\.djl.ai\cache\repo\model\nlp\sentiment_analysis\ai\djl\pytorch\distilbert\0.0.1\traced_distilbert_sst_english
 distilbert-base-uncased-finetuned-sst-2-english-vocab.txt
 traced_distilbert_sst_english.pt
Loading:     100% |========================================|
testPanel
8.0
0.26666668
26.0
Model Path: C:\Users\rokom\.djl.ai\cache\repo\model\nlp\sentiment_analysis\ai\djl\pytorch\distilbert\0.0.1\traced_distilbert_sst_english
 distilbert-base-uncased-finetuned-sst-2-english-vocab.txt
 traced_distilbert_sst_english.pt
Loading:     100% |========================================|
testPanel
9.0
0.3
30.0
Model Path: C:\Users\rokom\.djl.ai\cache\repo\model\nlp\sentiment_analysis\ai\djl\pytorch\distilbert\0.0.1\traced_distilbert_sst_english
 distilbert-base-uncased-finetuned-sst-2-english-vocab.txt
 traced_distilbert_sst_english.pt
Loading:     100% |========================================|
testPanel
10.0
0.33333334
33.0
Model Path: C:\Users\rokom\.djl.ai\cache\repo\model\nlp\sentiment_analysis\ai\djl\pytorch\distilbert\0.0.1\traced_distilbert_sst_english
 distilbert-base-uncased-finetuned-sst-2-english-vocab.txt
 traced_distilbert_sst_english.pt
Loading:     100% |========================================|
testPanel
11.0
0.36666667
36.0
Model Path: C:\Users\rokom\.djl.ai\cache\repo\model\nlp\sentiment_analysis\ai\djl\pytorch\distilbert\0.0.1\traced_distilbert_sst_english
 distilbert-base-uncased-finetuned-sst-2-english-vocab.txt
 traced_distilbert_sst_english.pt
Loading:     100% |========================================|
testPanel
12.0
0.4
40.0
Model Path: C:\Users\rokom\.djl.ai\cache\repo\model\nlp\sentiment_analysis\ai\djl\pytorch\distilbert\0.0.1\traced_distilbert_sst_english
 distilbert-base-uncased-finetuned-sst-2-english-vocab.txt
 traced_distilbert_sst_english.pt
Loading:     100% |========================================|
testPanel
13.0
0.43333334
43.0
Model Path: C:\Users\rokom\.djl.ai\cache\repo\model\nlp\sentiment_analysis\ai\djl\pytorch\distilbert\0.0.1\traced_distilbert_sst_english
 distilbert-base-uncased-finetuned-sst-2-english-vocab.txt
 traced_distilbert_sst_english.pt
Loading:     100% |========================================|
testPanel
14.0
0.46666667
46.0
Model Path: C:\Users\rokom\.djl.ai\cache\repo\model\nlp\sentiment_analysis\ai\djl\pytorch\distilbert\0.0.1\traced_distilbert_sst_english
 distilbert-base-uncased-finetuned-sst-2-english-vocab.txt
 traced_distilbert_sst_english.pt
Loading:     100% |========================================|
testPanel
15.0
0.5
50.0
Model Path: C:\Users\rokom\.djl.ai\cache\repo\model\nlp\sentiment_analysis\ai\djl\pytorch\distilbert\0.0.1\traced_distilbert_sst_english
 distilbert-base-uncased-finetuned-sst-2-english-vocab.txt
 traced_distilbert_sst_english.pt
Loading:     100% |========================================|
testPanel
16.0
0.53333336
53.0
Model Path: C:\Users\rokom\.djl.ai\cache\repo\model\nlp\sentiment_analysis\ai\djl\pytorch\distilbert\0.0.1\traced_distilbert_sst_english
 distilbert-base-uncased-finetuned-sst-2-english-vocab.txt
 traced_distilbert_sst_english.pt
Loading:     100% |========================================|
testPanel
17.0
0.56666666
56.0
Model Path: C:\Users\rokom\.djl.ai\cache\repo\model\nlp\sentiment_analysis\ai\djl\pytorch\distilbert\0.0.1\traced_distilbert_sst_english
 distilbert-base-uncased-finetuned-sst-2-english-vocab.txt
 traced_distilbert_sst_english.pt
Loading:     100% |========================================|
testPanel
18.0
0.6
60.0
Model Path: C:\Users\rokom\.djl.ai\cache\repo\model\nlp\sentiment_analysis\ai\djl\pytorch\distilbert\0.0.1\traced_distilbert_sst_english
 distilbert-base-uncased-finetuned-sst-2-english-vocab.txt
 traced_distilbert_sst_english.pt
Loading:     100% |========================================|
testPanel
19.0
0.6333333
63.0
Model Path: C:\Users\rokom\.djl.ai\cache\repo\model\nlp\sentiment_analysis\ai\djl\pytorch\distilbert\0.0.1\traced_distilbert_sst_english
 distilbert-base-uncased-finetuned-sst-2-english-vocab.txt
 traced_distilbert_sst_english.pt
Loading:     100% |========================================|
testPanel
20.0
0.6666667
66.0
Model Path: C:\Users\rokom\.djl.ai\cache\repo\model\nlp\sentiment_analysis\ai\djl\pytorch\distilbert\0.0.1\traced_distilbert_sst_english
 distilbert-base-uncased-finetuned-sst-2-english-vocab.txt
 traced_distilbert_sst_english.pt
Loading:     100% |========================================|
testPanel
21.0
0.7
70.0
Model Path: C:\Users\rokom\.djl.ai\cache\repo\model\nlp\sentiment_analysis\ai\djl\pytorch\distilbert\0.0.1\traced_distilbert_sst_english
 distilbert-base-uncased-finetuned-sst-2-english-vocab.txt
 traced_distilbert_sst_english.pt
Loading:     100% |========================================|
testPanel
22.0
0.73333335
73.0
Model Path: C:\Users\rokom\.djl.ai\cache\repo\model\nlp\sentiment_analysis\ai\djl\pytorch\distilbert\0.0.1\traced_distilbert_sst_english
 distilbert-base-uncased-finetuned-sst-2-english-vocab.txt
 traced_distilbert_sst_english.pt
Loading:     100% |========================================|
testPanel
23.0
0.76666665
76.0
Model Path: C:\Users\rokom\.djl.ai\cache\repo\model\nlp\sentiment_analysis\ai\djl\pytorch\distilbert\0.0.1\traced_distilbert_sst_english
 distilbert-base-uncased-finetuned-sst-2-english-vocab.txt
 traced_distilbert_sst_english.pt
Loading:     100% |========================================|
testPanel
24.0
0.8
80.0
Model Path: C:\Users\rokom\.djl.ai\cache\repo\model\nlp\sentiment_analysis\ai\djl\pytorch\distilbert\0.0.1\traced_distilbert_sst_english
 distilbert-base-uncased-finetuned-sst-2-english-vocab.txt
 traced_distilbert_sst_english.pt
Loading:     100% |========================================|
testPanel
25.0
0.8333333
83.0
Model Path: C:\Users\rokom\.djl.ai\cache\repo\model\nlp\sentiment_analysis\ai\djl\pytorch\distilbert\0.0.1\traced_distilbert_sst_english
 distilbert-base-uncased-finetuned-sst-2-english-vocab.txt
 traced_distilbert_sst_english.pt
Loading:     100% |========================================|
testPanel
26.0
0.8666667
86.0
Model Path: C:\Users\rokom\.djl.ai\cache\repo\model\nlp\sentiment_analysis\ai\djl\pytorch\distilbert\0.0.1\traced_distilbert_sst_english
 distilbert-base-uncased-finetuned-sst-2-english-vocab.txt
 traced_distilbert_sst_english.pt
Loading:     100% |========================================|
testPanel
27.0
0.9
90.0
Model Path: C:\Users\rokom\.djl.ai\cache\repo\model\nlp\sentiment_analysis\ai\djl\pytorch\distilbert\0.0.1\traced_distilbert_sst_english
 distilbert-base-uncased-finetuned-sst-2-english-vocab.txt
 traced_distilbert_sst_english.pt
Loading:     100% |========================================|
testPanel
28.0
0.93333334
93.0
Model Path: C:\Users\rokom\.djl.ai\cache\repo\model\nlp\sentiment_analysis\ai\djl\pytorch\distilbert\0.0.1\traced_distilbert_sst_english
 distilbert-base-uncased-finetuned-sst-2-english-vocab.txt
 traced_distilbert_sst_english.pt
Loading:     100% |========================================|
testPanel
29.0
0.96666664
96.0
Model Path: C:\Users\rokom\.djl.ai\cache\repo\model\nlp\sentiment_analysis\ai\djl\pytorch\distilbert\0.0.1\traced_distilbert_sst_english
 distilbert-base-uncased-finetuned-sst-2-english-vocab.txt
 traced_distilbert_sst_english.pt
]]></system-out>
    <system-err><![CDATA[SLF4J(W): No SLF4J providers were found.
SLF4J(W): Defaulting to no-operation (NOP) logger implementation
SLF4J(W): See https://www.slf4j.org/codes.html#noProviders for further details.
SLF4J(W): Class path contains SLF4J bindings targeting slf4j-api versions 1.7.x or earlier.
SLF4J(W): Ignoring binding found at [jar:file:/C:/Users/rokom/.m2/repository/com/guicedee/services/slf4j/1.2.2.1/slf4j-1.2.2.1.jar!/org/slf4j/impl/StaticLoggerBinder.class]
SLF4J(W): See https://www.slf4j.org/codes.html#ignoredBindings for an explanation.
]]></system-err>
  </testcase>
</testsuite>